=== RustRelay Master Deploy ===
[21:26:53] STEP 1: Setting up git repo...
[21:26:53]   Git repo already exists. Staging any changes...
[21:26:54]   Changes committed.
[21:26:54] 
[21:26:54] STEP 2: Checking GitHub CLI...
[21:26:54]   Installing gh via winget (silent)...
[21:44:11]     
[21:44:11]        - 
[21:44:11]        \ 
[21:44:11]        | 
[21:44:11]        / 
[21:44:11]        - 
[21:44:11]        \ 
[21:44:11]        | 
[21:44:11]        / 
[21:44:11]        - 
[21:44:11]        \ 
[21:44:11]        | 
[21:44:11]        / 
[21:44:11]        - 
[21:44:11]        \ 
[21:44:11]        | 
[21:44:11]        / 
[21:44:11]        - 
[21:44:11]        \ 
[21:44:11]        | 
[21:44:11]        / 
[21:44:11]        - 
[21:44:11]        \ 
[21:44:11]        | 
[21:44:11]        / 
[21:44:11]        - 
[21:44:11]        \ 
[21:44:11]        | 
[21:44:11]        / 
[21:44:11]        - 
[21:44:11]        \ 
[21:44:11]        | 
[21:44:11]        / 
[21:44:11]        - 
[21:44:11]        \ 
[21:44:11]        | 
[21:44:11]        / 
[21:44:11]        - 
[21:44:11]        \ 
[21:44:11]        | 
[21:44:11]        / 
[21:44:11]        - 
[21:44:11]        \ 
[21:44:11]        | 
[21:44:11]        / 
[21:44:11]        - 
[21:44:11]        \ 
[21:44:11]        | 
[21:44:11]        / 
[21:44:11]        - 
[21:44:11]        \ 
[21:44:11]        | 
[21:44:11]        / 
[21:44:11]                                                                                                                             
[21:44:11]     
[21:44:11]       ΓûêΓûêΓûêΓûêΓûêΓûêΓûêΓûêΓûêΓûêΓûÆΓûÆΓûÆΓûÆΓûÆΓûÆΓûÆΓûÆΓûÆΓûÆΓûÆΓûÆΓûÆΓûÆΓûÆΓûÆΓûÆΓûÆΓûÆΓûÆ  1024 KB / 2.89 MB
[21:44:11]       ΓûêΓûêΓûêΓûêΓûêΓûêΓûêΓûêΓûêΓûêΓûêΓûêΓûêΓûêΓûêΓûêΓûêΓûêΓûêΓûêΓûÆΓûÆΓûÆΓûÆΓûÆΓûÆΓûÆΓûÆΓûÆΓûÆ  2.00 MB / 2.89 MB
[21:44:11]       ΓûêΓûêΓûêΓûêΓûêΓûêΓûêΓûêΓûêΓûêΓûêΓûêΓûêΓûêΓûêΓûêΓûêΓûêΓûêΓûêΓûêΓûêΓûêΓûêΓûêΓûêΓûêΓûêΓûêΓûê  2.89 MB / 2.89 MB
[21:44:11]                                                                                                                             
[21:44:11]     
[21:44:11]       ΓûÆΓûÆΓûÆΓûÆΓûÆΓûÆΓûÆΓûÆΓûÆΓûÆΓûÆΓûÆΓûÆΓûÆΓûÆΓûÆΓûÆΓûÆΓûÆΓûÆΓûÆΓûÆΓûÆΓûÆΓûÆΓûÆΓûÆΓûÆΓûÆΓûÆ  0%
[21:44:11]       ΓûÆΓûÆΓûÆΓûÆΓûÆΓûÆΓûÆΓûÆΓûÆΓûÆΓûÆΓûÆΓûÆΓûÆΓûÆΓûÆΓûÆΓûÆΓûÆΓûÆΓûÆΓûÆΓûÆΓûÆΓûÆΓûÆΓûÆΓûÆΓûÆΓûÆ  0%
[21:44:11]       ΓûÆΓûÆΓûÆΓûÆΓûÆΓûÆΓûÆΓûÆΓûÆΓûÆΓûÆΓûÆΓûÆΓûÆΓûÆΓûÆΓûÆΓûÆΓûÆΓûÆΓûÆΓûÆΓûÆΓûÆΓûÆΓûÆΓûÆΓûÆΓûÆΓûÆ  1%
[21:44:11]       ΓûÆΓûÆΓûÆΓûÆΓûÆΓûÆΓûÆΓûÆΓûÆΓûÆΓûÆΓûÆΓûÆΓûÆΓûÆΓûÆΓûÆΓûÆΓûÆΓûÆΓûÆΓûÆΓûÆΓûÆΓûÆΓûÆΓûÆΓûÆΓûÆΓûÆ  2%
[21:44:11]       ΓûÆΓûÆΓûÆΓûÆΓûÆΓûÆΓûÆΓûÆΓûÆΓûÆΓûÆΓûÆΓûÆΓûÆΓûÆΓûÆΓûÆΓûÆΓûÆΓûÆΓûÆΓûÆΓûÆΓûÆΓûÆΓûÆΓûÆΓûÆΓûÆΓûÆ  3%
[21:44:11]       ΓûêΓûÆΓûÆΓûÆΓûÆΓûÆΓûÆΓûÆΓûÆΓûÆΓûÆΓûÆΓûÆΓûÆΓûÆΓûÆΓûÆΓûÆΓûÆΓûÆΓûÆΓûÆΓûÆΓûÆΓûÆΓûÆΓûÆΓûÆΓûÆΓûÆ  4%
[21:44:11]       ΓûêΓûÆΓûÆΓûÆΓûÆΓûÆΓûÆΓûÆΓûÆΓûÆΓûÆΓûÆΓûÆΓûÆΓûÆΓûÆΓûÆΓûÆΓûÆΓûÆΓûÆΓûÆΓûÆΓûÆΓûÆΓûÆΓûÆΓûÆΓûÆΓûÆ  5%
[21:44:11]       ΓûêΓûÆΓûÆΓûÆΓûÆΓûÆΓûÆΓûÆΓûÆΓûÆΓûÆΓûÆΓûÆΓûÆΓûÆΓûÆΓûÆΓûÆΓûÆΓûÆΓûÆΓûÆΓûÆΓûÆΓûÆΓûÆΓûÆΓûÆΓûÆΓûÆ  6%
[21:44:11]       ΓûêΓûêΓûÆΓûÆΓûÆΓûÆΓûÆΓûÆΓûÆΓûÆΓûÆΓûÆΓûÆΓûÆΓûÆΓûÆΓûÆΓûÆΓûÆΓûÆΓûÆΓûÆΓûÆΓûÆΓûÆΓûÆΓûÆΓûÆΓûÆΓûÆ  7%
[21:44:11]       ΓûêΓûêΓûÆΓûÆΓûÆΓûÆΓûÆΓûÆΓûÆΓûÆΓûÆΓûÆΓûÆΓûÆΓûÆΓûÆΓûÆΓûÆΓûÆΓûÆΓûÆΓûÆΓûÆΓûÆΓûÆΓûÆΓûÆΓûÆΓûÆΓûÆ  8%
[21:44:11]       ΓûêΓûêΓûÆΓûÆΓûÆΓûÆΓûÆΓûÆΓûÆΓûÆΓûÆΓûÆΓûÆΓûÆΓûÆΓûÆΓûÆΓûÆΓûÆΓûÆΓûÆΓûÆΓûÆΓûÆΓûÆΓûÆΓûÆΓûÆΓûÆΓûÆ  9%
[21:44:11]       ΓûêΓûêΓûêΓûÆΓûÆΓûÆΓûÆΓûÆΓûÆΓûÆΓûÆΓûÆΓûÆΓûÆΓûÆΓûÆΓûÆΓûÆΓûÆΓûÆΓûÆΓûÆΓûÆΓûÆΓûÆΓûÆΓûÆΓûÆΓûÆΓûÆ  10%
[21:44:11]       ΓûêΓûêΓûêΓûÆΓûÆΓûÆΓûÆΓûÆΓûÆΓûÆΓûÆΓûÆΓûÆΓûÆΓûÆΓûÆΓûÆΓûÆΓûÆΓûÆΓûÆΓûÆΓûÆΓûÆΓûÆΓûÆΓûÆΓûÆΓûÆΓûÆ  11%
[21:44:11]       ΓûêΓûêΓûêΓûÆΓûÆΓûÆΓûÆΓûÆΓûÆΓûÆΓûÆΓûÆΓûÆΓûÆΓûÆΓûÆΓûÆΓûÆΓûÆΓûÆΓûÆΓûÆΓûÆΓûÆΓûÆΓûÆΓûÆΓûÆΓûÆΓûÆ  12%
[21:44:11]       ΓûêΓûêΓûêΓûÆΓûÆΓûÆΓûÆΓûÆΓûÆΓûÆΓûÆΓûÆΓûÆΓûÆΓûÆΓûÆΓûÆΓûÆΓûÆΓûÆΓûÆΓûÆΓûÆΓûÆΓûÆΓûÆΓûÆΓûÆΓûÆΓûÆ  13%
[21:44:11]       ΓûêΓûêΓûêΓûêΓûÆΓûÆΓûÆΓûÆΓûÆΓûÆΓûÆΓûÆΓûÆΓûÆΓûÆΓûÆΓûÆΓûÆΓûÆΓûÆΓûÆΓûÆΓûÆΓûÆΓûÆΓûÆΓûÆΓûÆΓûÆΓûÆ  14%
[21:44:11]       ΓûêΓûêΓûêΓûêΓûÆΓûÆΓûÆΓûÆΓûÆΓûÆΓûÆΓûÆΓûÆΓûÆΓûÆΓûÆΓûÆΓûÆΓûÆΓûÆΓûÆΓûÆΓûÆΓûÆΓûÆΓûÆΓûÆΓûÆΓûÆΓûÆ  15%
[21:44:11]       ΓûêΓûêΓûêΓûêΓûÆΓûÆΓûÆΓûÆΓûÆΓûÆΓûÆΓûÆΓûÆΓûÆΓûÆΓûÆΓûÆΓûÆΓûÆΓûÆΓûÆΓûÆΓûÆΓûÆΓûÆΓûÆΓûÆΓûÆΓûÆΓûÆ  16%
[21:44:11]       ΓûêΓûêΓûêΓûêΓûêΓûÆΓûÆΓûÆΓûÆΓûÆΓûÆΓûÆΓûÆΓûÆΓûÆΓûÆΓûÆΓûÆΓûÆΓûÆΓûÆΓûÆΓûÆΓûÆΓûÆΓûÆΓûÆΓûÆΓûÆΓûÆ  17%
[21:44:11]       ΓûêΓûêΓûêΓûêΓûêΓûÆΓûÆΓûÆΓûÆΓûÆΓûÆΓûÆΓûÆΓûÆΓûÆΓûÆΓûÆΓûÆΓûÆΓûÆΓûÆΓûÆΓûÆΓûÆΓûÆΓûÆΓûÆΓûÆΓûÆΓûÆ  18%
[21:44:11]       ΓûêΓûêΓûêΓûêΓûêΓûÆΓûÆΓûÆΓûÆΓûÆΓûÆΓûÆΓûÆΓûÆΓûÆΓûÆΓûÆΓûÆΓûÆΓûÆΓûÆΓûÆΓûÆΓûÆΓûÆΓûÆΓûÆΓûÆΓûÆΓûÆ  19%
[21:44:11]       ΓûêΓûêΓûêΓûêΓûêΓûêΓûÆΓûÆΓûÆΓûÆΓûÆΓûÆΓûÆΓûÆΓûÆΓûÆΓûÆΓûÆΓûÆΓûÆΓûÆΓûÆΓûÆΓûÆΓûÆΓûÆΓûÆΓûÆΓûÆΓûÆ  20%
[21:44:11]       ΓûêΓûêΓûêΓûêΓûêΓûêΓûÆΓûÆΓûÆΓûÆΓûÆΓûÆΓûÆΓûÆΓûÆΓûÆΓûÆΓûÆΓûÆΓûÆΓûÆΓûÆΓûÆΓûÆΓûÆΓûÆΓûÆΓûÆΓûÆΓûÆ  21%
[21:44:11]       ΓûêΓûêΓûêΓûêΓûêΓûêΓûÆΓûÆΓûÆΓûÆΓûÆΓûÆΓûÆΓûÆΓûÆΓûÆΓûÆΓûÆΓûÆΓûÆΓûÆΓûÆΓûÆΓûÆΓûÆΓûÆΓûÆΓûÆΓûÆΓûÆ  22%
[21:44:11]       ΓûêΓûêΓûêΓûêΓûêΓûêΓûÆΓûÆΓûÆΓûÆΓûÆΓûÆΓûÆΓûÆΓûÆΓûÆΓûÆΓûÆΓûÆΓûÆΓûÆΓûÆΓûÆΓûÆΓûÆΓûÆΓûÆΓûÆΓûÆΓûÆ  23%
[21:44:11]       ΓûêΓûêΓûêΓûêΓûêΓûêΓûêΓûÆΓûÆΓûÆΓûÆΓûÆΓûÆΓûÆΓûÆΓûÆΓûÆΓûÆΓûÆΓûÆΓûÆΓûÆΓûÆΓûÆΓûÆΓûÆΓûÆΓûÆΓûÆΓûÆ  25%
[21:44:11]       ΓûêΓûêΓûêΓûêΓûêΓûêΓûêΓûÆΓûÆΓûÆΓûÆΓûÆΓûÆΓûÆΓûÆΓûÆΓûÆΓûÆΓûÆΓûÆΓûÆΓûÆΓûÆΓûÆΓûÆΓûÆΓûÆΓûÆΓûÆΓûÆ  26%
[21:44:11]       ΓûêΓûêΓûêΓûêΓûêΓûêΓûêΓûêΓûÆΓûÆΓûÆΓûÆΓûÆΓûÆΓûÆΓûÆΓûÆΓûÆΓûÆΓûÆΓûÆΓûÆΓûÆΓûÆΓûÆΓûÆΓûÆΓûÆΓûÆΓûÆ  27%
[21:44:11]       ΓûêΓûêΓûêΓûêΓûêΓûêΓûêΓûêΓûÆΓûÆΓûÆΓûÆΓûÆΓûÆΓûÆΓûÆΓûÆΓûÆΓûÆΓûÆΓûÆΓûÆΓûÆΓûÆΓûÆΓûÆΓûÆΓûÆΓûÆΓûÆ  28%
[21:44:11]       ΓûêΓûêΓûêΓûêΓûêΓûêΓûêΓûêΓûÆΓûÆΓûÆΓûÆΓûÆΓûÆΓûÆΓûÆΓûÆΓûÆΓûÆΓûÆΓûÆΓûÆΓûÆΓûÆΓûÆΓûÆΓûÆΓûÆΓûÆΓûÆ  28%
[21:44:11]       ΓûêΓûêΓûêΓûêΓûêΓûêΓûêΓûêΓûêΓûÆΓûÆΓûÆΓûÆΓûÆΓûÆΓûÆΓûÆΓûÆΓûÆΓûÆΓûÆΓûÆΓûÆΓûÆΓûÆΓûÆΓûÆΓûÆΓûÆΓûÆ  30%
[21:44:11]       ΓûêΓûêΓûêΓûêΓûêΓûêΓûêΓûêΓûêΓûÆΓûÆΓûÆΓûÆΓûÆΓûÆΓûÆΓûÆΓûÆΓûÆΓûÆΓûÆΓûÆΓûÆΓûÆΓûÆΓûÆΓûÆΓûÆΓûÆΓûÆ  31%
[21:44:11]       ΓûêΓûêΓûêΓûêΓûêΓûêΓûêΓûêΓûêΓûÆΓûÆΓûÆΓûÆΓûÆΓûÆΓûÆΓûÆΓûÆΓûÆΓûÆΓûÆΓûÆΓûÆΓûÆΓûÆΓûÆΓûÆΓûÆΓûÆΓûÆ  32%
[21:44:11]       ΓûêΓûêΓûêΓûêΓûêΓûêΓûêΓûêΓûêΓûÆΓûÆΓûÆΓûÆΓûÆΓûÆΓûÆΓûÆΓûÆΓûÆΓûÆΓûÆΓûÆΓûÆΓûÆΓûÆΓûÆΓûÆΓûÆΓûÆΓûÆ  33%
[21:44:11]       ΓûêΓûêΓûêΓûêΓûêΓûêΓûêΓûêΓûêΓûêΓûÆΓûÆΓûÆΓûÆΓûÆΓûÆΓûÆΓûÆΓûÆΓûÆΓûÆΓûÆΓûÆΓûÆΓûÆΓûÆΓûÆΓûÆΓûÆΓûÆ  34%
[21:44:11]       ΓûêΓûêΓûêΓûêΓûêΓûêΓûêΓûêΓûêΓûêΓûÆΓûÆΓûÆΓûÆΓûÆΓûÆΓûÆΓûÆΓûÆΓûÆΓûÆΓûÆΓûÆΓûÆΓûÆΓûÆΓûÆΓûÆΓûÆΓûÆ  35%
[21:44:11]       ΓûêΓûêΓûêΓûêΓûêΓûêΓûêΓûêΓûêΓûêΓûÆΓûÆΓûÆΓûÆΓûÆΓûÆΓûÆΓûÆΓûÆΓûÆΓûÆΓûÆΓûÆΓûÆΓûÆΓûÆΓûÆΓûÆΓûÆΓûÆ  36%
[21:44:11]       ΓûêΓûêΓûêΓûêΓûêΓûêΓûêΓûêΓûêΓûêΓûêΓûÆΓûÆΓûÆΓûÆΓûÆΓûÆΓûÆΓûÆΓûÆΓûÆΓûÆΓûÆΓûÆΓûÆΓûÆΓûÆΓûÆΓûÆΓûÆ  37%
[21:44:11]       ΓûêΓûêΓûêΓûêΓûêΓûêΓûêΓûêΓûêΓûêΓûêΓûÆΓûÆΓûÆΓûÆΓûÆΓûÆΓûÆΓûÆΓûÆΓûÆΓûÆΓûÆΓûÆΓûÆΓûÆΓûÆΓûÆΓûÆΓûÆ  38%
[21:44:11]       ΓûêΓûêΓûêΓûêΓûêΓûêΓûêΓûêΓûêΓûêΓûêΓûÆΓûÆΓûÆΓûÆΓûÆΓûÆΓûÆΓûÆΓûÆΓûÆΓûÆΓûÆΓûÆΓûÆΓûÆΓûÆΓûÆΓûÆΓûÆ  39%
[21:44:11]       ΓûêΓûêΓûêΓûêΓûêΓûêΓûêΓûêΓûêΓûêΓûêΓûêΓûÆΓûÆΓûÆΓûÆΓûÆΓûÆΓûÆΓûÆΓûÆΓûÆΓûÆΓûÆΓûÆΓûÆΓûÆΓûÆΓûÆΓûÆ  40%
[21:44:12]       ΓûêΓûêΓûêΓûêΓûêΓûêΓûêΓûêΓûêΓûêΓûêΓûêΓûÆΓûÆΓûÆΓûÆΓûÆΓûÆΓûÆΓûÆΓûÆΓûÆΓûÆΓûÆΓûÆΓûÆΓûÆΓûÆΓûÆΓûÆ  41%
[21:44:12]       ΓûêΓûêΓûêΓûêΓûêΓûêΓûêΓûêΓûêΓûêΓûêΓûêΓûÆΓûÆΓûÆΓûÆΓûÆΓûÆΓûÆΓûÆΓûÆΓûÆΓûÆΓûÆΓûÆΓûÆΓûÆΓûÆΓûÆΓûÆ  42%
[21:44:12]       ΓûêΓûêΓûêΓûêΓûêΓûêΓûêΓûêΓûêΓûêΓûêΓûêΓûÆΓûÆΓûÆΓûÆΓûÆΓûÆΓûÆΓûÆΓûÆΓûÆΓûÆΓûÆΓûÆΓûÆΓûÆΓûÆΓûÆΓûÆ  43%
[21:44:12]       ΓûêΓûêΓûêΓûêΓûêΓûêΓûêΓûêΓûêΓûêΓûêΓûêΓûêΓûÆΓûÆΓûÆΓûÆΓûÆΓûÆΓûÆΓûÆΓûÆΓûÆΓûÆΓûÆΓûÆΓûÆΓûÆΓûÆΓûÆ  44%
[21:44:12]       ΓûêΓûêΓûêΓûêΓûêΓûêΓûêΓûêΓûêΓûêΓûêΓûêΓûêΓûÆΓûÆΓûÆΓûÆΓûÆΓûÆΓûÆΓûÆΓûÆΓûÆΓûÆΓûÆΓûÆΓûÆΓûÆΓûÆΓûÆ  45%
[21:44:12]       ΓûêΓûêΓûêΓûêΓûêΓûêΓûêΓûêΓûêΓûêΓûêΓûêΓûêΓûÆΓûÆΓûÆΓûÆΓûÆΓûÆΓûÆΓûÆΓûÆΓûÆΓûÆΓûÆΓûÆΓûÆΓûÆΓûÆΓûÆ  46%
[21:44:12]       ΓûêΓûêΓûêΓûêΓûêΓûêΓûêΓûêΓûêΓûêΓûêΓûêΓûêΓûêΓûÆΓûÆΓûÆΓûÆΓûÆΓûÆΓûÆΓûÆΓûÆΓûÆΓûÆΓûÆΓûÆΓûÆΓûÆΓûÆ  47%
[21:44:12]       ΓûêΓûêΓûêΓûêΓûêΓûêΓûêΓûêΓûêΓûêΓûêΓûêΓûêΓûêΓûÆΓûÆΓûÆΓûÆΓûÆΓûÆΓûÆΓûÆΓûÆΓûÆΓûÆΓûÆΓûÆΓûÆΓûÆΓûÆ  48%
[21:44:12]       ΓûêΓûêΓûêΓûêΓûêΓûêΓûêΓûêΓûêΓûêΓûêΓûêΓûêΓûêΓûÆΓûÆΓûÆΓûÆΓûÆΓûÆΓûÆΓûÆΓûÆΓûÆΓûÆΓûÆΓûÆΓûÆΓûÆΓûÆ  49%
[21:44:12]       ΓûêΓûêΓûêΓûêΓûêΓûêΓûêΓûêΓûêΓûêΓûêΓûêΓûêΓûêΓûêΓûÆΓûÆΓûÆΓûÆΓûÆΓûÆΓûÆΓûÆΓûÆΓûÆΓûÆΓûÆΓûÆΓûÆΓûÆ  50%
[21:44:12]       ΓûêΓûêΓûêΓûêΓûêΓûêΓûêΓûêΓûêΓûêΓûêΓûêΓûêΓûêΓûêΓûÆΓûÆΓûÆΓûÆΓûÆΓûÆΓûÆΓûÆΓûÆΓûÆΓûÆΓûÆΓûÆΓûÆΓûÆ  51%
[21:44:12]       ΓûêΓûêΓûêΓûêΓûêΓûêΓûêΓûêΓûêΓûêΓûêΓûêΓûêΓûêΓûêΓûÆΓûÆΓûÆΓûÆΓûÆΓûÆΓûÆΓûÆΓûÆΓûÆΓûÆΓûÆΓûÆΓûÆΓûÆ  52%
[21:44:12]       ΓûêΓûêΓûêΓûêΓûêΓûêΓûêΓûêΓûêΓûêΓûêΓûêΓûêΓûêΓûêΓûÆΓûÆΓûÆΓûÆΓûÆΓûÆΓûÆΓûÆΓûÆΓûÆΓûÆΓûÆΓûÆΓûÆΓûÆ  53%
[21:44:12]       ΓûêΓûêΓûêΓûêΓûêΓûêΓûêΓûêΓûêΓûêΓûêΓûêΓûêΓûêΓûêΓûêΓûÆΓûÆΓûÆΓûÆΓûÆΓûÆΓûÆΓûÆΓûÆΓûÆΓûÆΓûÆΓûÆΓûÆ  54%
[21:44:12]       ΓûêΓûêΓûêΓûêΓûêΓûêΓûêΓûêΓûêΓûêΓûêΓûêΓûêΓûêΓûêΓûêΓûÆΓûÆΓûÆΓûÆΓûÆΓûÆΓûÆΓûÆΓûÆΓûÆΓûÆΓûÆΓûÆΓûÆ  55%
[21:44:12]       ΓûêΓûêΓûêΓûêΓûêΓûêΓûêΓûêΓûêΓûêΓûêΓûêΓûêΓûêΓûêΓûêΓûÆΓûÆΓûÆΓûÆΓûÆΓûÆΓûÆΓûÆΓûÆΓûÆΓûÆΓûÆΓûÆΓûÆ  56%
[21:44:12]       ΓûêΓûêΓûêΓûêΓûêΓûêΓûêΓûêΓûêΓûêΓûêΓûêΓûêΓûêΓûêΓûêΓûêΓûÆΓûÆΓûÆΓûÆΓûÆΓûÆΓûÆΓûÆΓûÆΓûÆΓûÆΓûÆΓûÆ  56%
[21:44:12]       ΓûêΓûêΓûêΓûêΓûêΓûêΓûêΓûêΓûêΓûêΓûêΓûêΓûêΓûêΓûêΓûêΓûêΓûÆΓûÆΓûÆΓûÆΓûÆΓûÆΓûÆΓûÆΓûÆΓûÆΓûÆΓûÆΓûÆ  57%
[21:44:12]       ΓûêΓûêΓûêΓûêΓûêΓûêΓûêΓûêΓûêΓûêΓûêΓûêΓûêΓûêΓûêΓûêΓûêΓûÆΓûÆΓûÆΓûÆΓûÆΓûÆΓûÆΓûÆΓûÆΓûÆΓûÆΓûÆΓûÆ  59%
[21:44:12]       ΓûêΓûêΓûêΓûêΓûêΓûêΓûêΓûêΓûêΓûêΓûêΓûêΓûêΓûêΓûêΓûêΓûêΓûêΓûÆΓûÆΓûÆΓûÆΓûÆΓûÆΓûÆΓûÆΓûÆΓûÆΓûÆΓûÆ  60%
[21:44:12]       ΓûêΓûêΓûêΓûêΓûêΓûêΓûêΓûêΓûêΓûêΓûêΓûêΓûêΓûêΓûêΓûêΓûêΓûêΓûÆΓûÆΓûÆΓûÆΓûÆΓûÆΓûÆΓûÆΓûÆΓûÆΓûÆΓûÆ  61%
[21:44:12]       ΓûêΓûêΓûêΓûêΓûêΓûêΓûêΓûêΓûêΓûêΓûêΓûêΓûêΓûêΓûêΓûêΓûêΓûêΓûÆΓûÆΓûÆΓûÆΓûÆΓûÆΓûÆΓûÆΓûÆΓûÆΓûÆΓûÆ  62%
[21:44:12]       ΓûêΓûêΓûêΓûêΓûêΓûêΓûêΓûêΓûêΓûêΓûêΓûêΓûêΓûêΓûêΓûêΓûêΓûêΓûêΓûêΓûÆΓûÆΓûÆΓûÆΓûÆΓûÆΓûÆΓûÆΓûÆΓûÆ  69%
[21:44:12]       ΓûêΓûêΓûêΓûêΓûêΓûêΓûêΓûêΓûêΓûêΓûêΓûêΓûêΓûêΓûêΓûêΓûêΓûêΓûêΓûêΓûêΓûÆΓûÆΓûÆΓûÆΓûÆΓûÆΓûÆΓûÆΓûÆ  72%
[21:44:12]       ΓûêΓûêΓûêΓûêΓûêΓûêΓûêΓûêΓûêΓûêΓûêΓûêΓûêΓûêΓûêΓûêΓûêΓûêΓûêΓûêΓûêΓûêΓûêΓûêΓûÆΓûÆΓûÆΓûÆΓûÆΓûÆ  82%
[21:44:12]       ΓûêΓûêΓûêΓûêΓûêΓûêΓûêΓûêΓûêΓûêΓûêΓûêΓûêΓûêΓûêΓûêΓûêΓûêΓûêΓûêΓûêΓûêΓûêΓûêΓûêΓûêΓûêΓûêΓûêΓûÆ  99%
[21:44:12]       ΓûêΓûêΓûêΓûêΓûêΓûêΓûêΓûêΓûêΓûêΓûêΓûêΓûêΓûêΓûêΓûêΓûêΓûêΓûêΓûêΓûêΓûêΓûêΓûêΓûêΓûêΓûêΓûêΓûêΓûÆ  99%
[21:44:12]       ΓûêΓûêΓûêΓûêΓûêΓûêΓûêΓûêΓûêΓûêΓûêΓûêΓûêΓûêΓûêΓûêΓûêΓûêΓûêΓûêΓûêΓûêΓûêΓûêΓûêΓûêΓûêΓûêΓûêΓûê  100%
[21:44:12]                                                                                                                             
[21:44:12]     
[21:44:12]        - 
[21:44:12]        \ 
[21:44:12]        | 
[21:44:12]        / 
[21:44:12]        - 
[21:44:12]        \ 
[21:44:12]        | 
[21:44:12]        / 
[21:44:12]        - 
[21:44:12]        \ 
[21:44:12]        | 
[21:44:12]        / 
[21:44:12]        - 
[21:44:12]        \ 
[21:44:12]        | 
[21:44:12]                                                                                                                             
[21:44:12]     Found GitHub CLI [GitHub.cli] Version 2.92.0
[21:44:12]     This application is licensed to you by its owner.
[21:44:12]     Microsoft is not responsible for, nor does it grant any licenses to, third-party packages.
[21:44:12]     Downloading https://github.com/cli/cli/releases/download/v2.92.0/gh_2.92.0_windows_amd64.msi
[21:44:12]     
[21:44:12]        - 
[21:44:12]        \ 
[21:44:12]        | 
[21:44:12]        / 
[21:44:12]        - 
[21:44:12]        \ 
[21:44:12]        | 
[21:44:12]        / 
[21:44:12]        - 
[21:44:12]        \ 
[21:44:12]        | 
[21:44:12]        / 
[21:44:12]        - 
[21:44:12]        \ 
[21:44:12]        | 
[21:44:12]        / 
[21:44:12]        - 
[21:44:12]        \ 
[21:44:12]        | 
[21:44:12]        / 
[21:44:12]        - 
[21:44:12]        \ 
[21:44:12]        | 
[21:44:12]        / 
[21:44:12]        - 
[21:44:12]        \ 
[21:44:12]        | 
[21:44:12]        / 
[21:44:12]        - 
[21:44:12]        \ 
[21:44:12]        | 
[21:44:12]        / 
[21:44:12]        - 
[21:44:12]        \ 
[21:44:12]        | 
[21:44:12]        / 
[21:44:12]        - 
[21:44:12]        \ 
[21:44:12]        | 
[21:44:12]        / 
[21:44:12]        - 
[21:44:12]        \ 
[21:44:12]        | 
[21:44:12]        / 
[21:44:12]        - 
[21:44:12]        \ 
[21:44:12]        | 
[21:44:12]        / 
[21:44:12]        - 
[21:44:12]        \ 
[21:44:12]        | 
[21:44:12]        / 
[21:44:12]        - 
[21:44:12]        \ 
[21:44:12]        | 
[21:44:12]        / 
[21:44:12]        - 
[21:44:12]        \ 
[21:44:12]        | 
[21:44:12]        / 
[21:44:12]        - 
[21:44:12]        \ 
[21:44:12]        | 
[21:44:12]        / 
[21:44:12]        - 
[21:44:12]        \ 
[21:44:12]        | 
[21:44:12]        / 
[21:44:12]        - 
[21:44:13]        \ 
[21:44:13]        | 
[21:44:13]        / 
[21:44:13]        - 
[21:44:13]        \ 
[21:44:13]        | 
[21:44:13]        / 
[21:44:13]        - 
[21:44:13]        \ 
[21:44:13]        | 
[21:44:13]        / 
[21:44:13]        - 
[21:44:13]        \ 
[21:44:13]        | 
[21:44:13]        / 
[21:44:13]        - 
[21:44:13]        \ 
[21:44:13]        | 
[21:44:13]        / 
[21:44:13]        - 
[21:44:13]        \ 
[21:44:13]        | 
[21:44:13]        / 
[21:44:13]        - 
[21:44:13]        \ 
[21:44:13]        | 
[21:44:13]        / 
[21:44:13]        - 
[21:44:13]        \ 
[21:44:13]        | 
[21:44:13]        / 
[21:44:13]        - 
[21:44:13]        \ 
[21:44:13]        | 
[21:44:13]        / 
[21:44:13]        - 
[21:44:13]        \ 
[21:44:13]        | 
[21:44:13]        / 
[21:44:13]        - 
[21:44:13]        \ 
[21:44:13]        | 
[21:44:13]        / 
[21:44:13]        - 
[21:44:13]                                                                                                                             
[21:44:13]     
[21:44:13]       ΓûêΓûêΓûÆΓûÆΓûÆΓûÆΓûÆΓûÆΓûÆΓûÆΓûÆΓûÆΓûÆΓûÆΓûÆΓûÆΓûÆΓûÆΓûÆΓûÆΓûÆΓûÆΓûÆΓûÆΓûÆΓûÆΓûÆΓûÆΓûÆΓûÆ  1024 KB / 14.0 MB
[21:44:13]       ΓûêΓûêΓûêΓûêΓûÆΓûÆΓûÆΓûÆΓûÆΓûÆΓûÆΓûÆΓûÆΓûÆΓûÆΓûÆΓûÆΓûÆΓûÆΓûÆΓûÆΓûÆΓûÆΓûÆΓûÆΓûÆΓûÆΓûÆΓûÆΓûÆ  2.00 MB / 14.0 MB
[21:44:13]       ΓûêΓûêΓûêΓûêΓûêΓûêΓûÆΓûÆΓûÆΓûÆΓûÆΓûÆΓûÆΓûÆΓûÆΓûÆΓûÆΓûÆΓûÆΓûÆΓûÆΓûÆΓûÆΓûÆΓûÆΓûÆΓûÆΓûÆΓûÆΓûÆ  3.00 MB / 14.0 MB
[21:44:13]       ΓûêΓûêΓûêΓûêΓûêΓûêΓûêΓûêΓûÆΓûÆΓûÆΓûÆΓûÆΓûÆΓûÆΓûÆΓûÆΓûÆΓûÆΓûÆΓûÆΓûÆΓûÆΓûÆΓûÆΓûÆΓûÆΓûÆΓûÆΓûÆ  4.00 MB / 14.0 MB
[21:44:13]       ΓûêΓûêΓûêΓûêΓûêΓûêΓûêΓûêΓûêΓûêΓûÆΓûÆΓûÆΓûÆΓûÆΓûÆΓûÆΓûÆΓûÆΓûÆΓûÆΓûÆΓûÆΓûÆΓûÆΓûÆΓûÆΓûÆΓûÆΓûÆ  5.00 MB / 14.0 MB
[21:44:13]       ΓûêΓûêΓûêΓûêΓûêΓûêΓûêΓûêΓûêΓûêΓûêΓûêΓûêΓûêΓûÆΓûÆΓûÆΓûÆΓûÆΓûÆΓûÆΓûÆΓûÆΓûÆΓûÆΓûÆΓûÆΓûÆΓûÆΓûÆ  7.00 MB / 14.0 MB
[21:44:13]       ΓûêΓûêΓûêΓûêΓûêΓûêΓûêΓûêΓûêΓûêΓûêΓûêΓûêΓûêΓûêΓûêΓûêΓûÆΓûÆΓûÆΓûÆΓûÆΓûÆΓûÆΓûÆΓûÆΓûÆΓûÆΓûÆΓûÆ  8.03 MB / 14.0 MB
[21:44:13]       ΓûêΓûêΓûêΓûêΓûêΓûêΓûêΓûêΓûêΓûêΓûêΓûêΓûêΓûêΓûêΓûêΓûêΓûêΓûêΓûÆΓûÆΓûÆΓûÆΓûÆΓûÆΓûÆΓûÆΓûÆΓûÆΓûÆ  9.03 MB / 14.0 MB
[21:44:13]       ΓûêΓûêΓûêΓûêΓûêΓûêΓûêΓûêΓûêΓûêΓûêΓûêΓûêΓûêΓûêΓûêΓûêΓûêΓûêΓûêΓûêΓûÆΓûÆΓûÆΓûÆΓûÆΓûÆΓûÆΓûÆΓûÆ  10.0 MB / 14.0 MB
[21:44:13]       ΓûêΓûêΓûêΓûêΓûêΓûêΓûêΓûêΓûêΓûêΓûêΓûêΓûêΓûêΓûêΓûêΓûêΓûêΓûêΓûêΓûêΓûêΓûêΓûÆΓûÆΓûÆΓûÆΓûÆΓûÆΓûÆ  11.0 MB / 14.0 MB
[21:44:13]       ΓûêΓûêΓûêΓûêΓûêΓûêΓûêΓûêΓûêΓûêΓûêΓûêΓûêΓûêΓûêΓûêΓûêΓûêΓûêΓûêΓûêΓûêΓûêΓûêΓûêΓûÆΓûÆΓûÆΓûÆΓûÆ  12.0 MB / 14.0 MB
[21:44:13]       ΓûêΓûêΓûêΓûêΓûêΓûêΓûêΓûêΓûêΓûêΓûêΓûêΓûêΓûêΓûêΓûêΓûêΓûêΓûêΓûêΓûêΓûêΓûêΓûêΓûêΓûêΓûêΓûÆΓûÆΓûÆ  13.0 MB / 14.0 MB
[21:44:13]       ΓûêΓûêΓûêΓûêΓûêΓûêΓûêΓûêΓûêΓûêΓûêΓûêΓûêΓûêΓûêΓûêΓûêΓûêΓûêΓûêΓûêΓûêΓûêΓûêΓûêΓûêΓûêΓûêΓûêΓûê  14.0 MB / 14.0 MB
[21:44:13]       ΓûêΓûêΓûêΓûêΓûêΓûêΓûêΓûêΓûêΓûêΓûêΓûêΓûêΓûêΓûêΓûêΓûêΓûêΓûêΓûêΓûêΓûêΓûêΓûêΓûêΓûêΓûêΓûêΓûêΓûê  14.0 MB / 14.0 MB
[21:44:13]     Successfully verified installer hash
[21:44:13]     Starting package install...
[21:44:13]     
[21:44:13]        - 
[21:44:13]        \ 
[21:44:13]        | 
[21:44:13]        / 
[21:44:13]        - 
[21:44:13]        \ 
[21:44:13]        | 
[21:44:13]        / 
[21:44:13]        - 
[21:44:13]        \ 
[21:44:13]        | 
[21:44:13]        / 
[21:44:13]        - 
[21:44:13]        \ 
[21:44:13]        | 
[21:44:13]        / 
[21:44:13]        - 
[21:44:13]        \ 
[21:44:13]        | 
[21:44:13]        / 
[21:44:13]        - 
[21:44:13]        \ 
[21:44:13]        | 
[21:44:13]        / 
[21:44:13]        - 
[21:44:13]        \ 
[21:44:13]        | 
[21:44:13]        / 
[21:44:13]        - 
[21:44:13]        \ 
[21:44:13]        | 
[21:44:13]        / 
[21:44:13]        - 
[21:44:13]        \ 
[21:44:13]        | 
[21:44:13]        / 
[21:44:13]        - 
[21:44:13]        \ 
[21:44:13]        | 
[21:44:13]        / 
[21:44:13]        - 
[21:44:13]        \ 
[21:44:13]        | 
[21:44:13]        / 
[21:44:13]        - 
[21:44:13]        \ 
[21:44:13]        | 
[21:44:13]        / 
[21:44:13]        - 
[21:44:13]        \ 
[21:44:13]        | 
[21:44:13]        / 
[21:44:13]        - 
[21:44:13]        \ 
[21:44:13]        | 
[21:44:13]        / 
[21:44:13]        - 
[21:44:13]        \ 
[21:44:13]        | 
[21:44:13]        / 
[21:44:13]        - 
[21:44:13]        \ 
[21:44:13]        | 
[21:44:13]        / 
[21:44:13]        - 
[21:44:13]        \ 
[21:44:13]        | 
[21:44:13]        / 
[21:44:13]        - 
[21:44:13]        \ 
[21:44:13]        | 
[21:44:13]        / 
[21:44:13]        - 
[21:44:13]        \ 
[21:44:13]        | 
[21:44:13]        / 
[21:44:13]        - 
[21:44:13]        \ 
[21:44:13]        | 
[21:44:13]        / 
[21:44:13]        - 
[21:44:13]        \ 
[21:44:13]        | 
[21:44:13]        / 
[21:44:13]        - 
[21:44:13]        \ 
[21:44:13]        | 
[21:44:13]        / 
[21:44:13]        - 
[21:44:13]        \ 
[21:44:13]        | 
[21:44:13]        / 
[21:44:13]        - 
[21:44:13]        \ 
[21:44:13]        | 
[21:44:13]        / 
[21:44:13]        - 
[21:44:13]        \ 
[21:44:13]        | 
[21:44:14]        / 
[21:44:14]        - 
[21:44:14]        \ 
[21:44:14]        | 
[21:44:14]        / 
[21:44:14]        - 
[21:44:14]        \ 
[21:44:14]        | 
[21:44:14]        / 
[21:44:14]        - 
[21:44:14]        \ 
[21:44:14]        | 
[21:44:14]        / 
[21:44:14]        - 
[21:44:14]        \ 
[21:44:14]        | 
[21:44:14]        / 
[21:44:14]        - 
[21:44:14]        \ 
[21:44:14]        | 
[21:44:14]        / 
[21:44:14]        - 
[21:44:14]        \ 
[21:44:14]        | 
[21:44:14]        / 
[21:44:14]        - 
[21:44:14]        \ 
[21:44:14]        | 
[21:44:14]        / 
[21:44:14]        - 
[21:44:14]        \ 
[21:44:14]        | 
[21:44:14]        / 
[21:44:14]        - 
[21:44:14]        \ 
[21:44:14]        | 
[21:44:14]        / 
[21:44:14]        - 
[21:44:14]        \ 
[21:44:14]        | 
[21:44:14]        / 
[21:44:14]        - 
[21:44:14]        \ 
[21:44:14]        | 
[21:44:14]        / 
[21:44:14]        - 
[21:44:14]        \ 
[21:44:14]        | 
[21:44:14]        / 
[21:44:14]        - 
[21:44:14]        \ 
[21:44:14]        | 
[21:44:14]        / 
[21:44:14]        - 
[21:44:14]        \ 
[21:44:14]        | 
[21:44:14]        / 
[21:44:14]        - 
[21:44:14]        \ 
[21:44:14]        | 
[21:44:14]        / 
[21:44:14]        - 
[21:44:14]        \ 
[21:44:14]        | 
[21:44:14]        / 
[21:44:14]        - 
[21:44:14]        \ 
[21:44:14]        | 
[21:44:14]        / 
[21:44:14]        - 
[21:44:14]        \ 
[21:44:14]        | 
[21:44:14]        / 
[21:44:14]        - 
[21:44:14]        \ 
[21:44:14]        | 
[21:44:14]        / 
[21:44:14]        - 
[21:44:14]        \ 
[21:44:14]        | 
[21:44:14]        / 
[21:44:14]        - 
[21:44:14]        \ 
[21:44:14]        | 
[21:44:14]        / 
[21:44:14]        - 
[21:44:14]        \ 
[21:44:14]        | 
[21:44:14]        / 
[21:44:14]        - 
[21:44:14]        \ 
[21:44:14]        | 
[21:44:14]        / 
[21:44:14]        - 
[21:44:14]        \ 
[21:44:14]        | 
[21:44:14]        / 
[21:44:14]        - 
[21:44:14]        \ 
[21:44:14]        | 
[21:44:14]        / 
[21:44:14]        - 
[21:44:14]        \ 
[21:44:14]        | 
[21:44:14]        / 
[21:44:14]        - 
[21:44:14]        \ 
[21:44:14]        | 
[21:44:14]        / 
[21:44:14]        - 
[21:44:14]        \ 
[21:44:14]        | 
[21:44:14]        / 
[21:44:14]        - 
[21:44:14]        \ 
[21:44:14]        | 
[21:44:14]        / 
[21:44:14]        - 
[21:44:14]        \ 
[21:44:14]        | 
[21:44:14]        / 
[21:44:14]        - 
[21:44:14]        \ 
[21:44:14]        | 
[21:44:14]        / 
[21:44:14]        - 
[21:44:14]        \ 
[21:44:14]        | 
[21:44:14]        / 
[21:44:14]        - 
[21:44:14]        \ 
[21:44:14]        | 
[21:44:14]        / 
[21:44:14]        - 
[21:44:14]        \ 
[21:44:14]        | 
[21:44:14]        / 
[21:44:14]        - 
[21:44:14]        \ 
[21:44:14]        | 
[21:44:14]        / 
[21:44:14]        - 
[21:44:14]        \ 
[21:44:14]        | 
[21:44:14]        / 
[21:44:14]        - 
[21:44:14]        \ 
[21:44:14]        | 
[21:44:14]        / 
[21:44:14]        - 
[21:44:14]        \ 
[21:44:14]        | 
[21:44:14]        / 
[21:44:14]        - 
[21:44:14]        \ 
[21:44:14]        | 
[21:44:14]        / 
[21:44:14]        - 
[21:44:14]        \ 
[21:44:14]        | 
[21:44:14]        / 
[21:44:14]        - 
[21:44:14]        \ 
[21:44:14]        | 
[21:44:14]        / 
[21:44:14]        - 
[21:44:14]        \ 
[21:44:15]        | 
[21:44:15]        / 
[21:44:15]        - 
[21:44:15]        \ 
[21:44:15]        | 
[21:44:15]        / 
[21:44:15]        - 
[21:44:15]        \ 
[21:44:15]        | 
[21:44:15]        / 
[21:44:15]        - 
[21:44:15]        \ 
[21:44:15]        | 
[21:44:15]        / 
[21:44:15]        - 
[21:44:15]        \ 
[21:44:15]        | 
[21:44:15]        / 
[21:44:15]        - 
[21:44:15]        \ 
[21:44:15]        | 
[21:44:15]        / 
[21:44:15]        - 
[21:44:15]        \ 
[21:44:15]        | 
[21:44:15]        / 
[21:44:15]        - 
[21:44:15]        \ 
[21:44:15]        | 
[21:44:15]        / 
[21:44:15]        - 
[21:44:15]        \ 
[21:44:15]        | 
[21:44:15]        / 
[21:44:15]        - 
[21:44:15]        \ 
[21:44:15]        | 
[21:44:15]        / 
[21:44:15]        - 
[21:44:15]        \ 
[21:44:15]        | 
[21:44:15]        / 
[21:44:15]        - 
[21:44:15]        \ 
[21:44:15]        | 
[21:44:15]        / 
[21:44:15]        - 
[21:44:15]        \ 
[21:44:15]        | 
[21:44:15]        / 
[21:44:15]        - 
[21:44:15]        \ 
[21:44:15]        | 
[21:44:15]        / 
[21:44:15]        - 
[21:44:15]        \ 
[21:44:15]        | 
[21:44:15]        / 
[21:44:15]        - 
[21:44:15]        \ 
[21:44:15]        | 
[21:44:15]        / 
[21:44:15]        - 
[21:44:15]        \ 
[21:44:15]        | 
[21:44:15]        / 
[21:44:15]        - 
[21:44:15]        \ 
[21:44:15]        | 
[21:44:15]        / 
[21:44:15]        - 
[21:44:15]        \ 
[21:44:15]        | 
[21:44:15]        / 
[21:44:15]        - 
[21:44:15]        \ 
[21:44:15]        | 
[21:44:15]        / 
[21:44:15]        - 
[21:44:15]        \ 
[21:44:15]        | 
[21:44:15]        / 
[21:44:15]        - 
[21:44:15]        \ 
[21:44:15]        | 
[21:44:15]        / 
[21:44:15]        - 
[21:44:15]        \ 
[21:44:15]        | 
[21:44:15]        / 
[21:44:15]        - 
[21:44:15]        \ 
[21:44:15]        | 
[21:44:15]        / 
[21:44:15]        - 
[21:44:15]        \ 
[21:44:15]        | 
[21:44:15]        / 
[21:44:15]        - 
[21:44:15]        \ 
[21:44:15]        | 
[21:44:15]        / 
[21:44:15]        - 
[21:44:15]        \ 
[21:44:15]        | 
[21:44:15]        / 
[21:44:15]        - 
[21:44:15]        \ 
[21:44:15]        | 
[21:44:15]        / 
[21:44:15]        - 
[21:44:15]        \ 
[21:44:15]        | 
[21:44:15]        / 
[21:44:15]        - 
[21:44:15]        \ 
[21:44:15]        | 
[21:44:15]        / 
[21:44:15]        - 
[21:44:15]        \ 
[21:44:15]        | 
[21:44:15]        / 
[21:44:15]        - 
[21:44:15]        \ 
[21:44:15]        | 
[21:44:15]        / 
[21:44:15]        - 
[21:44:15]        \ 
[21:44:15]        | 
[21:44:15]        / 
[21:44:15]        - 
[21:44:15]        \ 
[21:44:15]        | 
[21:44:15]        / 
[21:44:15]        - 
[21:44:15]        \ 
[21:44:15]        | 
[21:44:15]        / 
[21:44:15]        - 
[21:44:15]        \ 
[21:44:15]        | 
[21:44:15]        / 
[21:44:15]        - 
[21:44:15]        \ 
[21:44:15]        | 
[21:44:15]        / 
[21:44:15]        - 
[21:44:15]        \ 
[21:44:15]        | 
[21:44:15]        / 
[21:44:15]        - 
[21:44:15]        \ 
[21:44:15]        | 
[21:44:15]        / 
[21:44:15]        - 
[21:44:15]        \ 
[21:44:15]        | 
[21:44:15]        / 
[21:44:15]        - 
[21:44:15]        \ 
[21:44:15]        | 
[21:44:15]        / 
[21:44:15]        - 
[21:44:15]        \ 
[21:44:15]        | 
[21:44:15]        / 
[21:44:15]        - 
[21:44:16]        \ 
[21:44:16]        | 
[21:44:16]        / 
[21:44:16]        - 
[21:44:16]        \ 
[21:44:16]        | 
[21:44:16]        / 
[21:44:16]        - 
[21:44:16]        \ 
[21:44:16]        | 
[21:44:16]        / 
[21:44:16]        - 
[21:44:16]        \ 
[21:44:16]        | 
[21:44:16]        / 
[21:44:16]        - 
[21:44:16]        \ 
[21:44:16]        | 
[21:44:16]        / 
[21:44:16]        - 
[21:44:16]        \ 
[21:44:16]        | 
[21:44:16]        / 
[21:44:16]        - 
[21:44:16]        \ 
[21:44:16]        | 
[21:44:16]        / 
[21:44:16]        - 
[21:44:16]        \ 
[21:44:16]        | 
[21:44:16]        / 
[21:44:16]        - 
[21:44:16]        \ 
[21:44:16]        | 
[21:44:16]        / 
[21:44:16]        - 
[21:44:16]        \ 
[21:44:16]        | 
[21:44:16]        / 
[21:44:16]        - 
[21:44:16]        \ 
[21:44:16]        | 
[21:44:16]        / 
[21:44:16]        - 
[21:44:16]        \ 
[21:44:16]        | 
[21:44:16]        / 
[21:44:16]        - 
[21:44:16]        \ 
[21:44:16]        | 
[21:44:16]        / 
[21:44:16]        - 
[21:44:16]        \ 
[21:44:16]        | 
[21:44:16]        / 
[21:44:16]        - 
[21:44:16]        \ 
[21:44:16]        | 
[21:44:16]        / 
[21:44:16]        - 
[21:44:16]        \ 
[21:44:16]        | 
[21:44:16]        / 
[21:44:16]        - 
[21:44:16]        \ 
[21:44:16]        | 
[21:44:16]        / 
[21:44:16]        - 
[21:44:16]        \ 
[21:44:16]        | 
[21:44:16]        / 
[21:44:16]        - 
[21:44:16]        \ 
[21:44:16]        | 
[21:44:16]        / 
[21:44:16]        - 
[21:44:16]        \ 
[21:44:16]        | 
[21:44:16]        / 
[21:44:16]        - 
[21:44:16]        \ 
[21:44:16]        | 
[21:44:16]        / 
[21:44:16]        - 
[21:44:16]        \ 
[21:44:16]        | 
[21:44:16]        / 
[21:44:16]        - 
[21:44:16]        \ 
[21:44:16]        | 
[21:44:16]        / 
[21:44:16]        - 
[21:44:16]        \ 
[21:44:16]        | 
[21:44:16]        / 
[21:44:16]        - 
[21:44:16]        \ 
[21:44:16]        | 
[21:44:16]        / 
[21:44:16]        - 
[21:44:16]        \ 
[21:44:16]        | 
[21:44:16]        / 
[21:44:16]        - 
[21:44:16]        \ 
[21:44:16]        | 
[21:44:16]        / 
[21:44:16]        - 
[21:44:16]        \ 
[21:44:16]        | 
[21:44:16]        / 
[21:44:16]        - 
[21:44:16]        \ 
[21:44:16]        | 
[21:44:16]        / 
[21:44:16]        - 
[21:44:16]        \ 
[21:44:16]        | 
[21:44:16]        / 
[21:44:16]        - 
[21:44:16]        \ 
[21:44:16]        | 
[21:44:16]        / 
[21:44:16]        - 
[21:44:16]        \ 
[21:44:16]        | 
[21:44:16]        / 
[21:44:16]        - 
[21:44:16]        \ 
[21:44:16]        | 
[21:44:16]        / 
[21:44:16]        - 
[21:44:16]        \ 
[21:44:16]        | 
[21:44:16]        / 
[21:44:16]        - 
[21:44:16]        \ 
[21:44:16]        | 
[21:44:16]        / 
[21:44:16]        - 
[21:44:16]        \ 
[21:44:16]        | 
[21:44:16]        / 
[21:44:16]        - 
[21:44:16]        \ 
[21:44:16]        | 
[21:44:16]        / 
[21:44:16]        - 
[21:44:16]        \ 
[21:44:16]        | 
[21:44:16]        / 
[21:44:16]        - 
[21:44:16]        \ 
[21:44:16]        | 
[21:44:16]        / 
[21:44:16]        - 
[21:44:16]        \ 
[21:44:16]        | 
[21:44:16]        / 
[21:44:16]        - 
[21:44:16]        \ 
[21:44:16]        | 
[21:44:16]        / 
[21:44:16]        - 
[21:44:16]        \ 
[21:44:16]        | 
[21:44:16]        / 
[21:44:16]        - 
[21:44:16]        \ 
[21:44:16]        | 
[21:44:16]        / 
[21:44:17]        - 
[21:44:17]        \ 
[21:44:17]        | 
[21:44:17]        / 
[21:44:17]        - 
[21:44:17]        \ 
[21:44:17]        | 
[21:44:17]        / 
[21:44:17]        - 
[21:44:17]        \ 
[21:44:17]        | 
[21:44:17]        / 
[21:44:17]        - 
[21:44:17]        \ 
[21:44:17]        | 
[21:44:17]        / 
[21:44:17]        - 
[21:44:17]        \ 
[21:44:17]        | 
[21:44:17]        / 
[21:44:17]        - 
[21:44:17]        \ 
[21:44:17]        | 
[21:44:17]        / 
[21:44:17]        - 
[21:44:17]        \ 
[21:44:17]        | 
[21:44:17]        / 
[21:44:17]        - 
[21:44:17]        \ 
[21:44:17]        | 
[21:44:17]        / 
[21:44:17]        - 
[21:44:17]        \ 
[21:44:17]        | 
[21:44:17]        / 
[21:44:17]        - 
[21:44:17]        \ 
[21:44:17]        | 
[21:44:17]        / 
[21:44:17]        - 
[21:44:17]        \ 
[21:44:17]        | 
[21:44:17]        / 
[21:44:17]        - 
[21:44:17]        \ 
[21:44:17]        | 
[21:44:17]        / 
[21:44:17]        - 
[21:44:17]        \ 
[21:44:17]        | 
[21:44:17]        / 
[21:44:17]        - 
[21:44:17]        \ 
[21:44:17]        | 
[21:44:17]        / 
[21:44:17]        - 
[21:44:17]        \ 
[21:44:17]        | 
[21:44:17]        / 
[21:44:17]        - 
[21:44:17]        \ 
[21:44:17]        | 
[21:44:17]        / 
[21:44:17]        - 
[21:44:17]        \ 
[21:44:17]        | 
[21:44:17]        / 
[21:44:17]        - 
[21:44:17]        \ 
[21:44:17]        | 
[21:44:17]        / 
[21:44:17]        - 
[21:44:17]        \ 
[21:44:17]        | 
[21:44:17]        / 
[21:44:17]        - 
[21:44:17]        \ 
[21:44:17]        | 
[21:44:17]        / 
[21:44:17]        - 
[21:44:17]        \ 
[21:44:17]        | 
[21:44:17]        / 
[21:44:17]        - 
[21:44:17]        \ 
[21:44:17]        | 
[21:44:17]        / 
[21:44:17]        - 
[21:44:17]        \ 
[21:44:17]        | 
[21:44:17]        / 
[21:44:17]        - 
[21:44:17]        \ 
[21:44:17]        | 
[21:44:17]        / 
[21:44:17]        - 
[21:44:17]        \ 
[21:44:17]        | 
[21:44:17]        / 
[21:44:17]        - 
[21:44:17]        \ 
[21:44:17]        | 
[21:44:17]        / 
[21:44:17]        - 
[21:44:17]        \ 
[21:44:17]        | 
[21:44:17]        / 
[21:44:17]        - 
[21:44:17]        \ 
[21:44:17]        | 
[21:44:17]        / 
[21:44:17]        - 
[21:44:17]        \ 
[21:44:17]        | 
[21:44:17]        / 
[21:44:17]        - 
[21:44:17]        \ 
[21:44:17]        | 
[21:44:17]        / 
[21:44:17]        - 
[21:44:17]        \ 
[21:44:17]        | 
[21:44:17]        / 
[21:44:17]        - 
[21:44:17]        \ 
[21:44:17]        | 
[21:44:17]        / 
[21:44:17]        - 
[21:44:17]        \ 
[21:44:17]        | 
[21:44:17]        / 
[21:44:17]        - 
[21:44:17]        \ 
[21:44:17]        | 
[21:44:17]        / 
[21:44:17]        - 
[21:44:17]        \ 
[21:44:17]        | 
[21:44:17]        / 
[21:44:17]        - 
[21:44:17]        \ 
[21:44:17]        | 
[21:44:17]        / 
[21:44:17]        - 
[21:44:17]        \ 
[21:44:17]        | 
[21:44:17]        / 
[21:44:17]        - 
[21:44:17]        \ 
[21:44:17]        | 
[21:44:17]        / 
[21:44:17]        - 
[21:44:17]        \ 
[21:44:17]        | 
[21:44:17]        / 
[21:44:17]        - 
[21:44:17]        \ 
[21:44:17]        | 
[21:44:17]        / 
[21:44:17]        - 
[21:44:17]        \ 
[21:44:17]        | 
[21:44:17]        / 
[21:44:17]        - 
[21:44:18]        \ 
[21:44:18]        | 
[21:44:18]        / 
[21:44:18]        - 
[21:44:18]        \ 
[21:44:18]        | 
[21:44:18]        / 
[21:44:18]        - 
[21:44:18]        \ 
[21:44:18]        | 
[21:44:18]        / 
[21:44:18]        - 
[21:44:18]        \ 
[21:44:18]        | 
[21:44:18]        / 
[21:44:18]        - 
[21:44:18]        \ 
[21:44:18]        | 
[21:44:18]        / 
[21:44:18]        - 
[21:44:18]        \ 
[21:44:18]        | 
[21:44:18]        / 
[21:44:18]        - 
[21:44:18]        \ 
[21:44:18]        | 
[21:44:18]        / 
[21:44:18]        - 
[21:44:18]        \ 
[21:44:18]        | 
[21:44:18]        / 
[21:44:18]        - 
[21:44:18]        \ 
[21:44:18]        | 
[21:44:18]        / 
[21:44:18]        - 
[21:44:18]        \ 
[21:44:18]        | 
[21:44:18]        / 
[21:44:18]        - 
[21:44:18]        \ 
[21:44:18]        | 
[21:44:18]        / 
[21:44:18]        - 
[21:44:18]        \ 
[21:44:18]        | 
[21:44:18]        / 
[21:44:18]        - 
[21:44:18]        \ 
[21:44:18]        | 
[21:44:18]        / 
[21:44:18]        - 
[21:44:18]        \ 
[21:44:18]        | 
[21:44:18]        / 
[21:44:18]        - 
[21:44:18]        \ 
[21:44:18]        | 
[21:44:18]        / 
[21:44:18]        - 
[21:44:18]        \ 
[21:44:18]        | 
[21:44:18]        / 
[21:44:18]        - 
[21:44:18]        \ 
[21:44:18]        | 
[21:44:18]        / 
[21:44:18]        - 
[21:44:18]        \ 
[21:44:18]        | 
[21:44:18]        / 
[21:44:18]        - 
[21:44:18]        \ 
[21:44:18]        | 
[21:44:18]        / 
[21:44:18]        - 
[21:44:18]        \ 
[21:44:18]        | 
[21:44:18]        / 
[21:44:18]        - 
[21:44:18]        \ 
[21:44:18]        | 
[21:44:18]        / 
[21:44:18]        - 
[21:44:18]        \ 
[21:44:18]        | 
[21:44:18]        / 
[21:44:18]        - 
[21:44:18]        \ 
[21:44:18]        | 
[21:44:18]        / 
[21:44:18]        - 
[21:44:18]        \ 
[21:44:18]        | 
[21:44:18]        / 
[21:44:18]        - 
[21:44:18]        \ 
[21:44:18]        | 
[21:44:18]        / 
[21:44:18]        - 
[21:44:18]        \ 
[21:44:18]        | 
[21:44:18]        / 
[21:44:18]        - 
[21:44:18]        \ 
[21:44:18]        | 
[21:44:18]        / 
[21:44:18]        - 
[21:44:18]        \ 
[21:44:18]        | 
[21:44:18]        / 
[21:44:18]        - 
[21:44:18]        \ 
[21:44:18]        | 
[21:44:18]        / 
[21:44:18]        - 
[21:44:18]        \ 
[21:44:18]        | 
[21:44:18]        / 
[21:44:18]        - 
[21:44:18]        \ 
[21:44:18]        | 
[21:44:18]        / 
[21:44:18]        - 
[21:44:18]        \ 
[21:44:18]        | 
[21:44:18]        / 
[21:44:18]        - 
[21:44:18]        \ 
[21:44:18]        | 
[21:44:18]        / 
[21:44:18]        - 
[21:44:18]        \ 
[21:44:18]        | 
[21:44:18]        / 
[21:44:18]        - 
[21:44:18]        \ 
[21:44:18]        | 
[21:44:18]        / 
[21:44:18]        - 
[21:44:18]        \ 
[21:44:18]        | 
[21:44:18]        / 
[21:44:18]        - 
[21:44:18]        \ 
[21:44:18]        | 
[21:44:18]        / 
[21:44:18]        - 
[21:44:18]        \ 
[21:44:18]        | 
[21:44:18]        / 
[21:44:18]        - 
[21:44:18]        \ 
[21:44:18]        | 
[21:44:18]        / 
[21:44:18]        - 
[21:44:18]        \ 
[21:44:18]        | 
[21:44:18]        / 
[21:44:18]        - 
[21:44:18]        \ 
[21:44:18]        | 
[21:44:18]        / 
[21:44:18]        - 
[21:44:18]        \ 
[21:44:18]        | 
[21:44:18]        / 
[21:44:18]        - 
[21:44:18]        \ 
[21:44:18]        | 
[21:44:18]        / 
[21:44:18]        - 
[21:44:18]        \ 
[21:44:18]        | 
[21:44:18]        / 
[21:44:18]        - 
[21:44:18]        \ 
[21:44:18]        | 
[21:44:18]        / 
[21:44:18]        - 
[21:44:18]        \ 
[21:44:18]        | 
[21:44:18]        / 
[21:44:19]        - 
[21:44:19]        \ 
[21:44:19]        | 
[21:44:19]        / 
[21:44:19]        - 
[21:44:19]        \ 
[21:44:19]        | 
[21:44:19]        / 
[21:44:19]        - 
[21:44:19]        \ 
[21:44:19]        | 
[21:44:19]        / 
[21:44:19]        - 
[21:44:19]        \ 
[21:44:19]        | 
[21:44:19]        / 
[21:44:19]        - 
[21:44:19]        \ 
[21:44:19]        | 
[21:44:19]        / 
[21:44:19]        - 
[21:44:19]        \ 
[21:44:19]        | 
[21:44:19]        / 
[21:44:19]        - 
[21:44:19]        \ 
[21:44:19]        | 
[21:44:19]        / 
[21:44:19]        - 
[21:44:19]        \ 
[21:44:19]        | 
[21:44:19]        / 
[21:44:19]        - 
[21:44:19]        \ 
[21:44:19]        | 
[21:44:19]        / 
[21:44:19]        - 
[21:44:19]        \ 
[21:44:19]        | 
[21:44:19]        / 
[21:44:19]        - 
[21:44:19]        \ 
[21:44:19]        | 
[21:44:19]        / 
[21:44:19]        - 
[21:44:19]        \ 
[21:44:19]        | 
[21:44:19]        / 
[21:44:19]        - 
[21:44:19]        \ 
[21:44:19]        | 
[21:44:19]        / 
[21:44:19]        - 
[21:44:19]        \ 
[21:44:19]        | 
[21:44:19]        / 
[21:44:19]        - 
[21:44:19]        \ 
[21:44:19]        | 
[21:44:19]        / 
[21:44:19]        - 
[21:44:19]        \ 
[21:44:19]        | 
[21:44:19]        / 
[21:44:19]        - 
[21:44:19]        \ 
[21:44:19]        | 
[21:44:19]        / 
[21:44:19]        - 
[21:44:19]        \ 
[21:44:19]        | 
[21:44:19]        / 
[21:44:19]        - 
[21:44:19]        \ 
[21:44:19]        | 
[21:44:19]        / 
[21:44:19]        - 
[21:44:19]        \ 
[21:44:19]        | 
[21:44:19]        / 
[21:44:19]        - 
[21:44:19]        \ 
[21:44:19]        | 
[21:44:19]        / 
[21:44:19]        - 
[21:44:19]        \ 
[21:44:19]        | 
[21:44:19]        / 
[21:44:19]        - 
[21:44:19]        \ 
[21:44:19]        | 
[21:44:19]        / 
[21:44:19]        - 
[21:44:19]        \ 
[21:44:19]        | 
[21:44:19]        / 
[21:44:19]        - 
[21:44:19]        \ 
[21:44:19]        | 
[21:44:19]        / 
[21:44:19]        - 
[21:44:19]        \ 
[21:44:19]        | 
[21:44:19]        / 
[21:44:19]        - 
[21:44:19]        \ 
[21:44:19]        | 
[21:44:19]        / 
[21:44:19]        - 
[21:44:19]        \ 
[21:44:19]        | 
[21:44:19]        / 
[21:44:19]        - 
[21:44:19]        \ 
[21:44:19]        | 
[21:44:19]        / 
[21:44:19]        - 
[21:44:19]        \ 
[21:44:19]        | 
[21:44:19]        / 
[21:44:19]        - 
[21:44:19]        \ 
[21:44:19]        | 
[21:44:19]        / 
[21:44:19]        - 
[21:44:19]        \ 
[21:44:19]        | 
[21:44:19]        / 
[21:44:19]        - 
[21:44:19]        \ 
[21:44:19]        | 
[21:44:19]        / 
[21:44:19]        - 
[21:44:19]        \ 
[21:44:19]        | 
[21:44:19]        / 
[21:44:19]        - 
[21:44:19]        \ 
[21:44:19]        | 
[21:44:19]        / 
[21:44:19]        - 
[21:44:19]        \ 
[21:44:19]        | 
[21:44:19]        / 
[21:44:19]        - 
[21:44:19]        \ 
[21:44:19]        | 
[21:44:19]        / 
[21:44:19]        - 
[21:44:19]        \ 
[21:44:19]        | 
[21:44:19]        / 
[21:44:19]        - 
[21:44:19]        \ 
[21:44:19]        | 
[21:44:19]        / 
[21:44:19]        - 
[21:44:19]        \ 
[21:44:19]        | 
[21:44:19]        / 
[21:44:19]        - 
[21:44:19]        \ 
[21:44:19]        | 
[21:44:19]        / 
[21:44:19]        - 
[21:44:19]        \ 
[21:44:19]        | 
[21:44:19]        / 
[21:44:19]        - 
[21:44:19]        \ 
[21:44:19]        | 
[21:44:19]        / 
[21:44:19]        - 
[21:44:19]        \ 
[21:44:19]        | 
[21:44:19]        / 
[21:44:19]        - 
[21:44:19]        \ 
[21:44:19]        | 
[21:44:19]        / 
[21:44:19]        - 
[21:44:19]        \ 
[21:44:19]        | 
[21:44:19]        / 
[21:44:19]        - 
[21:44:19]        \ 
[21:44:19]        | 
[21:44:19]        / 
[21:44:19]        - 
[21:44:19]        \ 
[21:44:19]        | 
[21:44:19]        / 
[21:44:19]        - 
[21:44:19]        \ 
[21:44:19]        | 
[21:44:19]        / 
[21:44:19]        - 
[21:44:19]        \ 
[21:44:20]        | 
[21:44:20]        / 
[21:44:20]        - 
[21:44:20]        \ 
[21:44:20]        | 
[21:44:20]        / 
[21:44:20]        - 
[21:44:20]        \ 
[21:44:20]        | 
[21:44:20]        / 
[21:44:20]        - 
[21:44:20]        \ 
[21:44:20]        | 
[21:44:20]        / 
[21:44:20]        - 
[21:44:20]        \ 
[21:44:20]        | 
[21:44:20]        / 
[21:44:20]        - 
[21:44:20]        \ 
[21:44:20]        | 
[21:44:20]        / 
[21:44:20]        - 
[21:44:20]        \ 
[21:44:20]        | 
[21:44:20]        / 
[21:44:20]        - 
[21:44:20]        \ 
[21:44:20]        | 
[21:44:20]        / 
[21:44:20]        - 
[21:44:20]        \ 
[21:44:20]        | 
[21:44:20]        / 
[21:44:20]        - 
[21:44:20]        \ 
[21:44:20]        | 
[21:44:20]        / 
[21:44:20]        - 
[21:44:20]        \ 
[21:44:20]        | 
[21:44:20]        / 
[21:44:20]        - 
[21:44:20]        \ 
[21:44:20]        | 
[21:44:20]        / 
[21:44:20]        - 
[21:44:20]        \ 
[21:44:20]        | 
[21:44:20]        / 
[21:44:20]        - 
[21:44:20]        \ 
[21:44:20]        | 
[21:44:20]        / 
[21:44:20]        - 
[21:44:20]        \ 
[21:44:20]        | 
[21:44:20]        / 
[21:44:20]        - 
[21:44:20]        \ 
[21:44:20]        | 
[21:44:20]        / 
[21:44:20]        - 
[21:44:20]        \ 
[21:44:20]        | 
[21:44:20]        / 
[21:44:20]        - 
[21:44:20]        \ 
[21:44:20]        | 
[21:44:20]        / 
[21:44:20]        - 
[21:44:20]        \ 
[21:44:20]        | 
[21:44:20]        / 
[21:44:20]        - 
[21:44:20]        \ 
[21:44:20]        | 
[21:44:20]        / 
[21:44:20]        - 
[21:44:20]        \ 
[21:44:20]        | 
[21:44:20]        / 
[21:44:20]        - 
[21:44:20]        \ 
[21:44:20]        | 
[21:44:20]        / 
[21:44:20]        - 
[21:44:20]        \ 
[21:44:20]        | 
[21:44:20]        / 
[21:44:20]        - 
[21:44:20]        \ 
[21:44:20]        | 
[21:44:20]        / 
[21:44:20]        - 
[21:44:20]        \ 
[21:44:20]        | 
[21:44:20]        / 
[21:44:20]        - 
[21:44:20]        \ 
[21:44:20]        | 
[21:44:20]        / 
[21:44:20]        - 
[21:44:20]        \ 
[21:44:20]        | 
[21:44:20]        / 
[21:44:20]        - 
[21:44:20]        \ 
[21:44:20]        | 
[21:44:20]        / 
[21:44:20]        - 
[21:44:20]        \ 
[21:44:20]        | 
[21:44:20]        / 
[21:44:20]        - 
[21:44:20]        \ 
[21:44:20]        | 
[21:44:20]        / 
[21:44:20]        - 
[21:44:20]        \ 
[21:44:20]        | 
[21:44:20]        / 
[21:44:20]        - 
[21:44:20]        \ 
[21:44:20]        | 
[21:44:20]        / 
[21:44:20]        - 
[21:44:20]        \ 
[21:44:20]        | 
[21:44:20]        / 
[21:44:20]        - 
[21:44:20]        \ 
[21:44:20]        | 
[21:44:20]        / 
[21:44:20]        - 
[21:44:20]        \ 
[21:44:20]        | 
[21:44:20]        / 
[21:44:20]        - 
[21:44:20]        \ 
[21:44:20]        | 
[21:44:20]        / 
[21:44:20]        - 
[21:44:20]        \ 
[21:44:20]        | 
[21:44:20]        / 
[21:44:20]        - 
[21:44:20]        \ 
[21:44:20]        | 
[21:44:20]        / 
[21:44:20]        - 
[21:44:20]        \ 
[21:44:20]        | 
[21:44:20]        / 
[21:44:20]        - 
[21:44:20]        \ 
[21:44:20]        | 
[21:44:20]        / 
[21:44:20]        - 
[21:44:20]        \ 
[21:44:20]        | 
[21:44:20]        / 
[21:44:20]        - 
[21:44:20]        \ 
[21:44:20]        | 
[21:44:20]        / 
[21:44:20]        - 
[21:44:20]        \ 
[21:44:20]        | 
[21:44:20]        / 
[21:44:20]        - 
[21:44:20]        \ 
[21:44:21]        | 
[21:44:21]        / 
[21:44:21]        - 
[21:44:21]        \ 
[21:44:21]        | 
[21:44:21]        / 
[21:44:21]        - 
[21:44:21]        \ 
[21:44:21]        | 
[21:44:21]        / 
[21:44:21]        - 
[21:44:21]        \ 
[21:44:21]        | 
[21:44:21]        / 
[21:44:21]        - 
[21:44:21]        \ 
[21:44:21]        | 
[21:44:21]        / 
[21:44:21]        - 
[21:44:21]        \ 
[21:44:21]        | 
[21:44:21]        / 
[21:44:21]        - 
[21:44:21]        \ 
[21:44:21]        | 
[21:44:21]        / 
[21:44:21]        - 
[21:44:21]        \ 
[21:44:21]        | 
[21:44:21]        / 
[21:44:21]        - 
[21:44:21]        \ 
[21:44:21]        | 
[21:44:21]        / 
[21:44:21]        - 
[21:44:21]        \ 
[21:44:21]        | 
[21:44:21]        / 
[21:44:21]        - 
[21:44:21]        \ 
[21:44:21]        | 
[21:44:21]        / 
[21:44:21]        - 
[21:44:21]        \ 
[21:44:21]        | 
[21:44:21]        / 
[21:44:21]        - 
[21:44:21]        \ 
[21:44:21]        | 
[21:44:21]        / 
[21:44:21]        - 
[21:44:21]        \ 
[21:44:21]        | 
[21:44:21]        / 
[21:44:21]        - 
[21:44:21]        \ 
[21:44:21]        | 
[21:44:21]        / 
[21:44:21]        - 
[21:44:21]        \ 
[21:44:21]        | 
[21:44:21]        / 
[21:44:21]        - 
[21:44:21]        \ 
[21:44:21]        | 
[21:44:21]        / 
[21:44:21]        - 
[21:44:21]        \ 
[21:44:21]        | 
[21:44:21]        / 
[21:44:21]        - 
[21:44:21]        \ 
[21:44:21]        | 
[21:44:21]        / 
[21:44:21]        - 
[21:44:21]        \ 
[21:44:21]        | 
[21:44:21]        / 
[21:44:21]        - 
[21:44:21]        \ 
[21:44:21]        | 
[21:44:21]        / 
[21:44:21]        - 
[21:44:21]        \ 
[21:44:21]        | 
[21:44:21]        / 
[21:44:21]        - 
[21:44:21]        \ 
[21:44:21]        | 
[21:44:21]        / 
[21:44:21]        - 
[21:44:21]        \ 
[21:44:21]        | 
[21:44:21]        / 
[21:44:21]        - 
[21:44:21]        \ 
[21:44:21]        | 
[21:44:21]        / 
[21:44:21]        - 
[21:44:21]        \ 
[21:44:21]        | 
[21:44:21]        / 
[21:44:21]        - 
[21:44:21]        \ 
[21:44:21]        | 
[21:44:21]        / 
[21:44:21]        - 
[21:44:21]        \ 
[21:44:21]        | 
[21:44:21]        / 
[21:44:21]        - 
[21:44:21]        \ 
[21:44:21]        | 
[21:44:21]        / 
[21:44:21]        - 
[21:44:21]        \ 
[21:44:21]        | 
[21:44:21]        / 
[21:44:21]        - 
[21:44:21]        \ 
[21:44:21]        | 
[21:44:21]        / 
[21:44:21]        - 
[21:44:21]        \ 
[21:44:21]        | 
[21:44:21]        / 
[21:44:21]        - 
[21:44:21]        \ 
[21:44:21]        | 
[21:44:21]        / 
[21:44:21]        - 
[21:44:21]        \ 
[21:44:21]        | 
[21:44:21]        / 
[21:44:21]        - 
[21:44:21]        \ 
[21:44:21]        | 
[21:44:21]        / 
[21:44:21]        - 
[21:44:21]        \ 
[21:44:21]        | 
[21:44:21]        / 
[21:44:21]        - 
[21:44:21]        \ 
[21:44:21]        | 
[21:44:21]        / 
[21:44:21]        - 
[21:44:21]        \ 
[21:44:22]        | 
[21:44:22]        / 
[21:44:22]        - 
[21:44:22]        \ 
[21:44:22]        | 
[21:44:22]        / 
[21:44:22]        - 
[21:44:22]        \ 
[21:44:22]        | 
[21:44:22]        / 
[21:44:22]        - 
[21:44:22]        \ 
[21:44:22]        | 
[21:44:22]        / 
[21:44:22]        - 
[21:44:22]        \ 
[21:44:22]        | 
[21:44:22]        / 
[21:44:22]        - 
[21:44:22]        \ 
[21:44:22]        | 
[21:44:22]        / 
[21:44:22]        - 
[21:44:22]        \ 
[21:44:22]        | 
[21:44:22]        / 
[21:44:22]        - 
[21:44:22]        \ 
[21:44:22]        | 
[21:44:22]        / 
[21:44:22]        - 
[21:44:22]        \ 
[21:44:22]        | 
[21:44:22]        / 
[21:44:22]        - 
[21:44:22]        \ 
[21:44:22]        | 
[21:44:22]        / 
[21:44:22]        - 
[21:44:22]        \ 
[21:44:22]        | 
[21:44:22]        / 
[21:44:22]        - 
[21:44:22]        \ 
[21:44:22]        | 
[21:44:22]        / 
[21:44:22]        - 
[21:44:22]        \ 
[21:44:22]        | 
[21:44:22]        / 
[21:44:22]        - 
[21:44:22]        \ 
[21:44:22]        | 
[21:44:22]        / 
[21:44:22]        - 
[21:44:22]        \ 
[21:44:22]        | 
[21:44:22]        / 
[21:44:22]        - 
[21:44:22]        \ 
[21:44:22]        | 
[21:44:22]        / 
[21:44:22]        - 
[21:44:22]        \ 
[21:44:22]        | 
[21:44:22]        / 
[21:44:22]        - 
[21:44:22]        \ 
[21:44:22]        | 
[21:44:22]        / 
[21:44:22]        - 
[21:44:22]        \ 
[21:44:22]        | 
[21:44:22]        / 
[21:44:22]        - 
[21:44:22]        \ 
[21:44:22]        | 
[21:44:22]        / 
[21:44:22]        - 
[21:44:22]        \ 
[21:44:22]        | 
[21:44:22]        / 
[21:44:22]        - 
[21:44:22]        \ 
[21:44:22]        | 
[21:44:22]        / 
[21:44:22]        - 
[21:44:22]        \ 
[21:44:22]        | 
[21:44:22]        / 
[21:44:22]        - 
[21:44:22]        \ 
[21:44:22]        | 
[21:44:22]        / 
[21:44:22]        - 
[21:44:22]        \ 
[21:44:22]        | 
[21:44:22]        / 
[21:44:22]        - 
[21:44:22]        \ 
[21:44:22]        | 
[21:44:22]        / 
[21:44:22]        - 
[21:44:22]        \ 
[21:44:22]        | 
[21:44:22]        / 
[21:44:22]        - 
[21:44:22]        \ 
[21:44:22]        | 
[21:44:22]        / 
[21:44:22]        - 
[21:44:22]        \ 
[21:44:22]        | 
[21:44:22]        / 
[21:44:22]        - 
[21:44:22]        \ 
[21:44:22]        | 
[21:44:22]        / 
[21:44:22]        - 
[21:44:22]        \ 
[21:44:22]        | 
[21:44:22]        / 
[21:44:22]        - 
[21:44:22]        \ 
[21:44:22]        | 
[21:44:22]        / 
[21:44:22]        - 
[21:44:22]        \ 
[21:44:22]        | 
[21:44:22]        / 
[21:44:22]        - 
[21:44:22]        \ 
[21:44:22]        | 
[21:44:22]        / 
[21:44:22]        - 
[21:44:22]        \ 
[21:44:22]        | 
[21:44:22]        / 
[21:44:22]        - 
[21:44:22]        \ 
[21:44:22]        | 
[21:44:22]        / 
[21:44:22]        - 
[21:44:22]        \ 
[21:44:22]        | 
[21:44:22]        / 
[21:44:22]        - 
[21:44:22]        \ 
[21:44:22]        | 
[21:44:22]        / 
[21:44:22]        - 
[21:44:22]        \ 
[21:44:22]        | 
[21:44:22]        / 
[21:44:22]        - 
[21:44:22]        \ 
[21:44:22]        | 
[21:44:22]        / 
[21:44:22]        - 
[21:44:23]        \ 
[21:44:23]        | 
[21:44:23]        / 
[21:44:23]        - 
[21:44:23]        \ 
[21:44:23]        | 
[21:44:23]        / 
[21:44:23]        - 
[21:44:23]        \ 
[21:44:23]        | 
[21:44:23]        / 
[21:44:23]        - 
[21:44:23]        \ 
[21:44:23]        | 
[21:44:23]        / 
[21:44:23]        - 
[21:44:23]        \ 
[21:44:23]        | 
[21:44:23]        / 
[21:44:23]        - 
[21:44:23]        \ 
[21:44:23]        | 
[21:44:23]        / 
[21:44:23]        - 
[21:44:23]        \ 
[21:44:23]        | 
[21:44:23]        / 
[21:44:23]        - 
[21:44:23]        \ 
[21:44:23]        | 
[21:44:23]        / 
[21:44:23]        - 
[21:44:23]        \ 
[21:44:23]        | 
[21:44:23]        / 
[21:44:23]        - 
[21:44:23]        \ 
[21:44:23]        | 
[21:44:23]        / 
[21:44:23]        - 
[21:44:23]        \ 
[21:44:23]        | 
[21:44:23]        / 
[21:44:23]        - 
[21:44:23]        \ 
[21:44:23]        | 
[21:44:23]        / 
[21:44:23]        - 
[21:44:23]        \ 
[21:44:23]        | 
[21:44:23]        / 
[21:44:23]        - 
[21:44:23]        \ 
[21:44:23]        | 
[21:44:23]        / 
[21:44:23]        - 
[21:44:23]        \ 
[21:44:23]        | 
[21:44:23]        / 
[21:44:23]        - 
[21:44:23]        \ 
[21:44:23]        | 
[21:44:23]        / 
[21:44:23]        - 
[21:44:23]        \ 
[21:44:23]        | 
[21:44:23]        / 
[21:44:23]        - 
[21:44:23]        \ 
[21:44:23]        | 
[21:44:23]        / 
[21:44:23]        - 
[21:44:23]        \ 
[21:44:23]        | 
[21:44:23]        / 
[21:44:23]        - 
[21:44:23]        \ 
[21:44:23]        | 
[21:44:23]        / 
[21:44:23]        - 
[21:44:23]        \ 
[21:44:23]        | 
[21:44:23]        / 
[21:44:23]        - 
[21:44:23]        \ 
[21:44:23]        | 
[21:44:23]        / 
[21:44:23]        - 
[21:44:23]        \ 
[21:44:23]        | 
[21:44:23]        / 
[21:44:23]        - 
[21:44:23]        \ 
[21:44:23]        | 
[21:44:23]        / 
[21:44:23]        - 
[21:44:23]        \ 
[21:44:23]        | 
[21:44:23]        / 
[21:44:23]        - 
[21:44:23]        \ 
[21:44:23]        | 
[21:44:23]        / 
[21:44:23]        - 
[21:44:23]        \ 
[21:44:23]        | 
[21:44:23]        / 
[21:44:23]        - 
[21:44:23]        \ 
[21:44:23]        | 
[21:44:23]        / 
[21:44:23]        - 
[21:44:23]        \ 
[21:44:23]        | 
[21:44:23]        / 
[21:44:23]        - 
[21:44:23]        \ 
[21:44:23]        | 
[21:44:23]        / 
[21:44:23]        - 
[21:44:23]        \ 
[21:44:23]        | 
[21:44:23]        / 
[21:44:23]        - 
[21:44:23]        \ 
[21:44:23]        | 
[21:44:23]        / 
[21:44:23]        - 
[21:44:23]        \ 
[21:44:23]        | 
[21:44:23]        / 
[21:44:23]        - 
[21:44:23]        \ 
[21:44:23]        | 
[21:44:23]        / 
[21:44:23]        - 
[21:44:23]        \ 
[21:44:23]        | 
[21:44:23]        / 
[21:44:23]        - 
[21:44:23]        \ 
[21:44:23]        | 
[21:44:23]        / 
[21:44:23]        - 
[21:44:23]        \ 
[21:44:23]        | 
[21:44:23]        / 
[21:44:23]        - 
[21:44:24]        \ 
[21:44:24]        | 
[21:44:24]        / 
[21:44:24]        - 
[21:44:24]        \ 
[21:44:24]        | 
[21:44:24]        / 
[21:44:24]        - 
[21:44:24]        \ 
[21:44:24]        | 
[21:44:24]        / 
[21:44:24]        - 
[21:44:24]        \ 
[21:44:24]        | 
[21:44:24]        / 
[21:44:24]        - 
[21:44:24]        \ 
[21:44:24]        | 
[21:44:24]        / 
[21:44:24]        - 
[21:44:24]        \ 
[21:44:24]        | 
[21:44:24]        / 
[21:44:24]        - 
[21:44:24]        \ 
[21:44:24]        | 
[21:44:24]        / 
[21:44:24]        - 
[21:44:24]        \ 
[21:44:24]        | 
[21:44:24]        / 
[21:44:24]        - 
[21:44:24]        \ 
[21:44:24]        | 
[21:44:24]        / 
[21:44:24]        - 
[21:44:24]        \ 
[21:44:24]        | 
[21:44:24]        / 
[21:44:24]        - 
[21:44:24]        \ 
[21:44:24]        | 
[21:44:24]        / 
[21:44:24]        - 
[21:44:24]        \ 
[21:44:24]        | 
[21:44:24]        / 
[21:44:24]        - 
[21:44:24]        \ 
[21:44:24]        | 
[21:44:24]        / 
[21:44:24]        - 
[21:44:24]        \ 
[21:44:24]        | 
[21:44:24]        / 
[21:44:24]        - 
[21:44:24]        \ 
[21:44:24]        | 
[21:44:24]        / 
[21:44:24]        - 
[21:44:24]        \ 
[21:44:24]        | 
[21:44:24]        / 
[21:44:24]        - 
[21:44:24]        \ 
[21:44:24]        | 
[21:44:24]        / 
[21:44:24]        - 
[21:44:24]        \ 
[21:44:24]        | 
[21:44:24]        / 
[21:44:24]        - 
[21:44:24]        \ 
[21:44:24]        | 
[21:44:24]        / 
[21:44:24]        - 
[21:44:24]        \ 
[21:44:24]        | 
[21:44:24]        / 
[21:44:24]        - 
[21:44:24]        \ 
[21:44:24]        | 
[21:44:24]        / 
[21:44:24]        - 
[21:44:24]        \ 
[21:44:24]        | 
[21:44:24]        / 
[21:44:24]        - 
[21:44:24]        \ 
[21:44:24]        | 
[21:44:24]        / 
[21:44:24]        - 
[21:44:24]        \ 
[21:44:24]        | 
[21:44:24]        / 
[21:44:24]        - 
[21:44:24]        \ 
[21:44:24]        | 
[21:44:24]        / 
[21:44:24]        - 
[21:44:24]        \ 
[21:44:24]        | 
[21:44:24]        / 
[21:44:24]        - 
[21:44:24]        \ 
[21:44:24]        | 
[21:44:24]        / 
[21:44:24]        - 
[21:44:24]        \ 
[21:44:24]        | 
[21:44:24]        / 
[21:44:24]        - 
[21:44:24]        \ 
[21:44:24]        | 
[21:44:24]        / 
[21:44:24]        - 
[21:44:24]        \ 
[21:44:24]        | 
[21:44:24]        / 
[21:44:24]        - 
[21:44:24]        \ 
[21:44:24]        | 
[21:44:24]        / 
[21:44:24]        - 
[21:44:24]        \ 
[21:44:24]        | 
[21:44:24]        / 
[21:44:24]        - 
[21:44:24]        \ 
[21:44:24]        | 
[21:44:24]        / 
[21:44:24]        - 
[21:44:24]        \ 
[21:44:24]        | 
[21:44:24]        / 
[21:44:24]        - 
[21:44:24]        \ 
[21:44:24]        | 
[21:44:24]        / 
[21:44:24]        - 
[21:44:24]        \ 
[21:44:24]        | 
[21:44:24]        / 
[21:44:24]        - 
[21:44:24]        \ 
[21:44:24]        | 
[21:44:24]        / 
[21:44:24]        - 
[21:44:24]        \ 
[21:44:24]        | 
[21:44:24]        / 
[21:44:24]        - 
[21:44:24]        \ 
[21:44:24]        | 
[21:44:24]        / 
[21:44:24]        - 
[21:44:24]        \ 
[21:44:24]        | 
[21:44:24]        / 
[21:44:24]        - 
[21:44:24]        \ 
[21:44:24]        | 
[21:44:24]        / 
[21:44:24]        - 
[21:44:24]        \ 
[21:44:24]        | 
[21:44:24]        / 
[21:44:24]        - 
[21:44:24]        \ 
[21:44:24]        | 
[21:44:24]        / 
[21:44:24]        - 
[21:44:24]        \ 
[21:44:24]        | 
[21:44:24]        / 
[21:44:24]        - 
[21:44:25]        \ 
[21:44:25]        | 
[21:44:25]        / 
[21:44:25]        - 
[21:44:25]        \ 
[21:44:25]        | 
[21:44:25]        / 
[21:44:25]        - 
[21:44:25]        \ 
[21:44:25]        | 
[21:44:25]        / 
[21:44:25]        - 
[21:44:25]        \ 
[21:44:25]        | 
[21:44:25]        / 
[21:44:25]        - 
[21:44:25]        \ 
[21:44:25]        | 
[21:44:25]        / 
[21:44:25]        - 
[21:44:25]        \ 
[21:44:25]        | 
[21:44:25]        / 
[21:44:25]        - 
[21:44:25]        \ 
[21:44:25]        | 
[21:44:25]        / 
[21:44:25]        - 
[21:44:25]        \ 
[21:44:25]        | 
[21:44:25]        / 
[21:44:25]        - 
[21:44:25]        \ 
[21:44:25]        | 
[21:44:25]        / 
[21:44:25]        - 
[21:44:25]        \ 
[21:44:25]        | 
[21:44:25]        / 
[21:44:25]        - 
[21:44:25]        \ 
[21:44:25]        | 
[21:44:25]        / 
[21:44:25]        - 
[21:44:25]        \ 
[21:44:25]        | 
[21:44:25]        / 
[21:44:25]        - 
[21:44:25]        \ 
[21:44:25]        | 
[21:44:25]        / 
[21:44:25]        - 
[21:44:25]        \ 
[21:44:25]        | 
[21:44:25]        / 
[21:44:25]        - 
[21:44:25]        \ 
[21:44:25]        | 
[21:44:25]        / 
[21:44:25]        - 
[21:44:25]        \ 
[21:44:25]        | 
[21:44:25]        / 
[21:44:25]        - 
[21:44:25]        \ 
[21:44:25]        | 
[21:44:25]        / 
[21:44:25]        - 
[21:44:25]        \ 
[21:44:25]        | 
[21:44:25]        / 
[21:44:25]        - 
[21:44:25]        \ 
[21:44:25]        | 
[21:44:25]        / 
[21:44:25]        - 
[21:44:25]        \ 
[21:44:25]        | 
[21:44:25]        / 
[21:44:25]        - 
[21:44:25]        \ 
[21:44:25]        | 
[21:44:25]        / 
[21:44:25]        - 
[21:44:25]        \ 
[21:44:25]        | 
[21:44:25]        / 
[21:44:25]        - 
[21:44:25]        \ 
[21:44:25]        | 
[21:44:25]        / 
[21:44:25]        - 
[21:44:25]        \ 
[21:44:25]        | 
[21:44:25]        / 
[21:44:25]        - 
[21:44:25]        \ 
[21:44:25]        | 
[21:44:25]        / 
[21:44:25]        - 
[21:44:25]        \ 
[21:44:25]        | 
[21:44:25]        / 
[21:44:25]        - 
[21:44:25]        \ 
[21:44:25]        | 
[21:44:25]        / 
[21:44:25]        - 
[21:44:25]        \ 
[21:44:25]        | 
[21:44:25]        / 
[21:44:25]        - 
[21:44:25]        \ 
[21:44:25]        | 
[21:44:25]        / 
[21:44:25]        - 
[21:44:25]        \ 
[21:44:25]        | 
[21:44:25]        / 
[21:44:25]        - 
[21:44:25]        \ 
[21:44:25]        | 
[21:44:25]        / 
[21:44:25]        - 
[21:44:25]        \ 
[21:44:25]        | 
[21:44:25]        / 
[21:44:25]        - 
[21:44:25]        \ 
[21:44:25]        | 
[21:44:25]        / 
[21:44:25]        - 
[21:44:25]        \ 
[21:44:25]        | 
[21:44:25]        / 
[21:44:25]        - 
[21:44:25]        \ 
[21:44:25]        | 
[21:44:25]        / 
[21:44:25]        - 
[21:44:25]        \ 
[21:44:25]        | 
[21:44:25]        / 
[21:44:25]        - 
[21:44:25]        \ 
[21:44:25]        | 
[21:44:25]        / 
[21:44:25]        - 
[21:44:25]        \ 
[21:44:25]        | 
[21:44:25]        / 
[21:44:25]        - 
[21:44:25]        \ 
[21:44:25]        | 
[21:44:25]        / 
[21:44:25]        - 
[21:44:25]        \ 
[21:44:25]        | 
[21:44:25]        / 
[21:44:25]        - 
[21:44:25]        \ 
[21:44:25]        | 
[21:44:25]        / 
[21:44:25]        - 
[21:44:25]        \ 
[21:44:25]        | 
[21:44:25]        / 
[21:44:25]        - 
[21:44:25]        \ 
[21:44:25]        | 
[21:44:25]        / 
[21:44:25]        - 
[21:44:25]        \ 
[21:44:25]        | 
[21:44:25]        / 
[21:44:25]        - 
[21:44:25]        \ 
[21:44:25]        | 
[21:44:25]        / 
[21:44:25]        - 
[21:44:25]        \ 
[21:44:25]        | 
[21:44:25]        / 
[21:44:26]        - 
[21:44:26]        \ 
[21:44:26]        | 
[21:44:26]        / 
[21:44:26]        - 
[21:44:26]        \ 
[21:44:26]        | 
[21:44:26]        / 
[21:44:26]        - 
[21:44:26]        \ 
[21:44:26]        | 
[21:44:26]        / 
[21:44:26]        - 
[21:44:26]        \ 
[21:44:26]        | 
[21:44:26]        / 
[21:44:26]        - 
[21:44:26]        \ 
[21:44:26]        | 
[21:44:26]        / 
[21:44:26]        - 
[21:44:26]        \ 
[21:44:26]        | 
[21:44:26]        / 
[21:44:26]        - 
[21:44:26]        \ 
[21:44:26]        | 
[21:44:26]        / 
[21:44:26]        - 
[21:44:26]        \ 
[21:44:26]        | 
[21:44:26]        / 
[21:44:26]        - 
[21:44:26]        \ 
[21:44:26]        | 
[21:44:26]        / 
[21:44:26]        - 
[21:44:26]        \ 
[21:44:26]        | 
[21:44:26]        / 
[21:44:26]        - 
[21:44:26]        \ 
[21:44:26]        | 
[21:44:26]        / 
[21:44:26]        - 
[21:44:26]        \ 
[21:44:26]        | 
[21:44:26]        / 
[21:44:26]        - 
[21:44:26]        \ 
[21:44:26]        | 
[21:44:26]        / 
[21:44:26]        - 
[21:44:26]        \ 
[21:44:26]        | 
[21:44:26]        / 
[21:44:26]        - 
[21:44:26]        \ 
[21:44:26]        | 
[21:44:26]        / 
[21:44:26]        - 
[21:44:26]        \ 
[21:44:26]        | 
[21:44:26]        / 
[21:44:26]        - 
[21:44:26]        \ 
[21:44:26]        | 
[21:44:26]        / 
[21:44:26]        - 
[21:44:26]        \ 
[21:44:26]        | 
[21:44:26]        / 
[21:44:26]        - 
[21:44:26]        \ 
[21:44:26]        | 
[21:44:26]        / 
[21:44:26]        - 
[21:44:26]        \ 
[21:44:26]        | 
[21:44:26]        / 
[21:44:26]        - 
[21:44:26]        \ 
[21:44:26]        | 
[21:44:26]        / 
[21:44:26]        - 
[21:44:26]        \ 
[21:44:26]        | 
[21:44:26]        / 
[21:44:26]        - 
[21:44:26]        \ 
[21:44:26]        | 
[21:44:26]        / 
[21:44:26]        - 
[21:44:26]        \ 
[21:44:26]        | 
[21:44:26]        / 
[21:44:26]        - 
[21:44:26]        \ 
[21:44:26]        | 
[21:44:26]        / 
[21:44:26]        - 
[21:44:26]        \ 
[21:44:26]        | 
[21:44:26]        / 
[21:44:26]        - 
[21:44:26]        \ 
[21:44:26]        | 
[21:44:26]        / 
[21:44:26]        - 
[21:44:26]        \ 
[21:44:26]        | 
[21:44:26]        / 
[21:44:26]        - 
[21:44:26]        \ 
[21:44:26]        | 
[21:44:26]        / 
[21:44:26]        - 
[21:44:26]        \ 
[21:44:26]        | 
[21:44:26]        / 
[21:44:26]        - 
[21:44:26]        \ 
[21:44:26]        | 
[21:44:26]        / 
[21:44:26]        - 
[21:44:26]        \ 
[21:44:26]        | 
[21:44:26]        / 
[21:44:26]        - 
[21:44:26]        \ 
[21:44:26]        | 
[21:44:26]        / 
[21:44:26]        - 
[21:44:26]        \ 
[21:44:26]        | 
[21:44:26]        / 
[21:44:26]        - 
[21:44:26]        \ 
[21:44:26]        | 
[21:44:26]        / 
[21:44:26]        - 
[21:44:26]        \ 
[21:44:26]        | 
[21:44:26]        / 
[21:44:26]        - 
[21:44:26]        \ 
[21:44:26]        | 
[21:44:26]        / 
[21:44:26]        - 
[21:44:26]        \ 
[21:44:26]        | 
[21:44:26]        / 
[21:44:26]        - 
[21:44:26]        \ 
[21:44:26]        | 
[21:44:26]        / 
[21:44:26]        - 
[21:44:26]        \ 
[21:44:26]        | 
[21:44:26]        / 
[21:44:26]        - 
[21:44:26]        \ 
[21:44:26]        | 
[21:44:26]        / 
[21:44:26]        - 
[21:44:26]        \ 
[21:44:26]        | 
[21:44:26]        / 
[21:44:26]        - 
[21:44:26]        \ 
[21:44:26]        | 
[21:44:26]        / 
[21:44:26]        - 
[21:44:26]        \ 
[21:44:26]        | 
[21:44:26]        / 
[21:44:26]        - 
[21:44:26]        \ 
[21:44:26]        | 
[21:44:26]        / 
[21:44:26]        - 
[21:44:26]        \ 
[21:44:26]        | 
[21:44:26]        / 
[21:44:26]        - 
[21:44:26]        \ 
[21:44:26]        | 
[21:44:26]        / 
[21:44:26]        - 
[21:44:26]        \ 
[21:44:27]        | 
[21:44:27]        / 
[21:44:27]        - 
[21:44:27]        \ 
[21:44:27]        | 
[21:44:27]        / 
[21:44:27]        - 
[21:44:27]        \ 
[21:44:27]        | 
[21:44:27]        / 
[21:44:27]        - 
[21:44:27]        \ 
[21:44:27]        | 
[21:44:27]        / 
[21:44:27]        - 
[21:44:27]        \ 
[21:44:27]        | 
[21:44:27]        / 
[21:44:27]        - 
[21:44:27]        \ 
[21:44:27]        | 
[21:44:27]        / 
[21:44:27]        - 
[21:44:27]        \ 
[21:44:27]        | 
[21:44:27]        / 
[21:44:27]        - 
[21:44:27]        \ 
[21:44:27]        | 
[21:44:27]        / 
[21:44:27]        - 
[21:44:27]        \ 
[21:44:27]        | 
[21:44:27]        / 
[21:44:27]        - 
[21:44:27]        \ 
[21:44:27]        | 
[21:44:27]        / 
[21:44:27]        - 
[21:44:27]        \ 
[21:44:27]        | 
[21:44:27]        / 
[21:44:27]        - 
[21:44:27]        \ 
[21:44:27]        | 
[21:44:27]        / 
[21:44:27]        - 
[21:44:27]        \ 
[21:44:27]        | 
[21:44:27]        / 
[21:44:27]        - 
[21:44:27]        \ 
[21:44:27]        | 
[21:44:27]        / 
[21:44:27]        - 
[21:44:27]        \ 
[21:44:27]        | 
[21:44:27]        / 
[21:44:27]        - 
[21:44:27]        \ 
[21:44:27]        | 
[21:44:27]        / 
[21:44:27]        - 
[21:44:27]        \ 
[21:44:27]        | 
[21:44:27]        / 
[21:44:27]        - 
[21:44:27]        \ 
[21:44:27]        | 
[21:44:27]        / 
[21:44:27]        - 
[21:44:27]        \ 
[21:44:27]        | 
[21:44:27]        / 
[21:44:27]        - 
[21:44:27]        \ 
[21:44:27]        | 
[21:44:27]        / 
[21:44:27]        - 
[21:44:27]        \ 
[21:44:27]        | 
[21:44:27]        / 
[21:44:27]        - 
[21:44:27]        \ 
[21:44:27]        | 
[21:44:27]        / 
[21:44:27]        - 
[21:44:27]        \ 
[21:44:27]        | 
[21:44:27]        / 
[21:44:27]        - 
[21:44:27]        \ 
[21:44:27]        | 
[21:44:27]        / 
[21:44:27]        - 
[21:44:27]        \ 
[21:44:27]        | 
[21:44:27]        / 
[21:44:27]        - 
[21:44:27]        \ 
[21:44:27]        | 
[21:44:27]        / 
[21:44:27]        - 
[21:44:27]        \ 
[21:44:27]        | 
[21:44:27]        / 
[21:44:27]        - 
[21:44:27]        \ 
[21:44:27]        | 
[21:44:27]        / 
[21:44:27]        - 
[21:44:27]        \ 
[21:44:27]        | 
[21:44:27]        / 
[21:44:27]        - 
[21:44:27]        \ 
[21:44:27]        | 
[21:44:27]        / 
[21:44:27]        - 
[21:44:27]        \ 
[21:44:27]        | 
[21:44:27]        / 
[21:44:27]        - 
[21:44:27]        \ 
[21:44:27]        | 
[21:44:27]        / 
[21:44:27]        - 
[21:44:27]        \ 
[21:44:27]        | 
[21:44:27]        / 
[21:44:27]        - 
[21:44:27]        \ 
[21:44:27]        | 
[21:44:27]        / 
[21:44:27]        - 
[21:44:27]        \ 
[21:44:27]        | 
[21:44:27]        / 
[21:44:27]        - 
[21:44:27]        \ 
[21:44:27]        | 
[21:44:27]        / 
[21:44:27]        - 
[21:44:27]        \ 
[21:44:28]        | 
[21:44:28]        / 
[21:44:28]        - 
[21:44:28]        \ 
[21:44:28]        | 
[21:44:28]        / 
[21:44:28]        - 
[21:44:28]        \ 
[21:44:28]        | 
[21:44:28]        / 
[21:44:28]        - 
[21:44:28]        \ 
[21:44:28]        | 
[21:44:28]        / 
[21:44:28]        - 
[21:44:28]        \ 
[21:44:28]        | 
[21:44:28]        / 
[21:44:28]        - 
[21:44:28]        \ 
[21:44:28]        | 
[21:44:28]        / 
[21:44:28]        - 
[21:44:28]        \ 
[21:44:28]        | 
[21:44:28]        / 
[21:44:28]        - 
[21:44:28]        \ 
[21:44:28]        | 
[21:44:28]        / 
[21:44:28]        - 
[21:44:28]        \ 
[21:44:28]        | 
[21:44:28]        / 
[21:44:28]        - 
[21:44:28]        \ 
[21:44:28]        | 
[21:44:28]        / 
[21:44:28]        - 
[21:44:28]        \ 
[21:44:28]        | 
[21:44:28]        / 
[21:44:28]        - 
[21:44:28]        \ 
[21:44:28]        | 
[21:44:28]        / 
[21:44:28]        - 
[21:44:28]        \ 
[21:44:28]        | 
[21:44:28]        / 
[21:44:28]        - 
[21:44:28]        \ 
[21:44:28]        | 
[21:44:28]        / 
[21:44:28]        - 
[21:44:28]        \ 
[21:44:28]        | 
[21:44:28]        / 
[21:44:28]        - 
[21:44:28]        \ 
[21:44:28]        | 
[21:44:28]        / 
[21:44:28]        - 
[21:44:28]        \ 
[21:44:28]        | 
[21:44:28]        / 
[21:44:28]        - 
[21:44:28]        \ 
[21:44:28]        | 
[21:44:28]        / 
[21:44:28]        - 
[21:44:28]        \ 
[21:44:28]        | 
[21:44:28]        / 
[21:44:28]        - 
[21:44:28]        \ 
[21:44:28]        | 
[21:44:28]        / 
[21:44:28]        - 
[21:44:28]        \ 
[21:44:28]        | 
[21:44:28]        / 
[21:44:28]        - 
[21:44:28]        \ 
[21:44:28]        | 
[21:44:28]        / 
[21:44:28]        - 
[21:44:28]        \ 
[21:44:28]        | 
[21:44:28]        / 
[21:44:28]        - 
[21:44:28]        \ 
[21:44:28]        | 
[21:44:28]        / 
[21:44:28]        - 
[21:44:28]        \ 
[21:44:28]        | 
[21:44:28]        / 
[21:44:28]        - 
[21:44:28]        \ 
[21:44:28]        | 
[21:44:28]        / 
[21:44:28]        - 
[21:44:28]        \ 
[21:44:28]        | 
[21:44:28]        / 
[21:44:28]        - 
[21:44:28]        \ 
[21:44:28]        | 
[21:44:29]        / 
[21:44:29]        - 
[21:44:29]        \ 
[21:44:29]        | 
[21:44:29]        / 
[21:44:29]        - 
[21:44:29]        \ 
[21:44:29]        | 
[21:44:29]        / 
[21:44:29]        - 
[21:44:29]        \ 
[21:44:29]        | 
[21:44:29]        / 
[21:44:29]        - 
[21:44:29]        \ 
[21:44:29]        | 
[21:44:29]        / 
[21:44:29]        - 
[21:44:29]        \ 
[21:44:29]        | 
[21:44:29]        / 
[21:44:29]        - 
[21:44:29]        \ 
[21:44:29]        | 
[21:44:29]        / 
[21:44:29]        - 
[21:44:29]        \ 
[21:44:29]        | 
[21:44:29]        / 
[21:44:29]        - 
[21:44:29]        \ 
[21:44:29]        | 
[21:44:29]        / 
[21:44:29]        - 
[21:44:29]        \ 
[21:44:29]        | 
[21:44:29]        / 
[21:44:29]        - 
[21:44:29]        \ 
[21:44:29]        | 
[21:44:29]        / 
[21:44:29]        - 
[21:44:29]        \ 
[21:44:29]        | 
[21:44:29]        / 
[21:44:29]        - 
[21:44:29]        \ 
[21:44:29]        | 
[21:44:29]        / 
[21:44:29]        - 
[21:44:29]        \ 
[21:44:29]        | 
[21:44:29]        / 
[21:44:29]        - 
[21:44:29]        \ 
[21:44:29]        | 
[21:44:29]        / 
[21:44:29]        - 
[21:44:29]        \ 
[21:44:29]        | 
[21:44:29]        / 
[21:44:29]        - 
[21:44:29]        \ 
[21:44:29]        | 
[21:44:29]        / 
[21:44:29]        - 
[21:44:29]        \ 
[21:44:29]        | 
[21:44:29]        / 
[21:44:29]        - 
[21:44:29]        \ 
[21:44:29]        | 
[21:44:29]        / 
[21:44:29]        - 
[21:44:29]        \ 
[21:44:29]        | 
[21:44:29]        / 
[21:44:29]        - 
[21:44:29]        \ 
[21:44:29]        | 
[21:44:29]        / 
[21:44:29]        - 
[21:44:29]        \ 
[21:44:29]        | 
[21:44:29]        / 
[21:44:29]        - 
[21:44:29]        \ 
[21:44:29]        | 
[21:44:29]        / 
[21:44:29]        - 
[21:44:29]        \ 
[21:44:29]        | 
[21:44:29]        / 
[21:44:29]        - 
[21:44:29]        \ 
[21:44:29]        | 
[21:44:29]        / 
[21:44:29]        - 
[21:44:29]        \ 
[21:44:29]        | 
[21:44:29]        / 
[21:44:29]        - 
[21:44:29]        \ 
[21:44:29]        | 
[21:44:29]        / 
[21:44:29]        - 
[21:44:29]        \ 
[21:44:29]        | 
[21:44:29]        / 
[21:44:29]        - 
[21:44:29]        \ 
[21:44:29]        | 
[21:44:29]        / 
[21:44:29]        - 
[21:44:29]        \ 
[21:44:29]        | 
[21:44:29]        / 
[21:44:29]        - 
[21:44:29]        \ 
[21:44:29]        | 
[21:44:29]        / 
[21:44:29]        - 
[21:44:29]        \ 
[21:44:29]        | 
[21:44:29]        / 
[21:44:29]        - 
[21:44:30]        \ 
[21:44:30]        | 
[21:44:30]        / 
[21:44:30]        - 
[21:44:30]        \ 
[21:44:30]        | 
[21:44:30]        / 
[21:44:30]        - 
[21:44:30]        \ 
[21:44:30]        | 
[21:44:30]        / 
[21:44:30]        - 
[21:44:30]        \ 
[21:44:30]        | 
[21:44:30]        / 
[21:44:30]        - 
[21:44:30]        \ 
[21:44:30]        | 
[21:44:30]        / 
[21:44:30]        - 
[21:44:30]        \ 
[21:44:30]        | 
[21:44:30]        / 
[21:44:30]        - 
[21:44:30]        \ 
[21:44:30]        | 
[21:44:30]        / 
[21:44:30]        - 
[21:44:30]        \ 
[21:44:30]        | 
[21:44:30]        / 
[21:44:30]        - 
[21:44:30]        \ 
[21:44:30]        | 
[21:44:30]        / 
[21:44:30]        - 
[21:44:30]        \ 
[21:44:30]        | 
[21:44:30]        / 
[21:44:30]        - 
[21:44:30]        \ 
[21:44:30]        | 
[21:44:30]        / 
[21:44:30]        - 
[21:44:30]        \ 
[21:44:30]        | 
[21:44:30]        / 
[21:44:30]        - 
[21:44:30]        \ 
[21:44:30]        | 
[21:44:30]        / 
[21:44:30]        - 
[21:44:30]        \ 
[21:44:30]        | 
[21:44:30]        / 
[21:44:30]        - 
[21:44:30]        \ 
[21:44:30]        | 
[21:44:30]        / 
[21:44:30]        - 
[21:44:30]        \ 
[21:44:30]        | 
[21:44:30]        / 
[21:44:30]        - 
[21:44:30]        \ 
[21:44:30]        | 
[21:44:30]        / 
[21:44:30]        - 
[21:44:30]        \ 
[21:44:30]        | 
[21:44:30]        / 
[21:44:30]        - 
[21:44:30]        \ 
[21:44:30]        | 
[21:44:30]        / 
[21:44:30]        - 
[21:44:30]        \ 
[21:44:30]        | 
[21:44:30]        / 
[21:44:30]        - 
[21:44:30]        \ 
[21:44:30]        | 
[21:44:30]        / 
[21:44:30]        - 
[21:44:30]        \ 
[21:44:30]        | 
[21:44:30]        / 
[21:44:30]        - 
[21:44:30]        \ 
[21:44:30]        | 
[21:44:30]        / 
[21:44:30]        - 
[21:44:30]        \ 
[21:44:30]        | 
[21:44:30]        / 
[21:44:30]        - 
[21:44:30]        \ 
[21:44:30]        | 
[21:44:30]        / 
[21:44:30]        - 
[21:44:30]        \ 
[21:44:30]        | 
[21:44:30]        / 
[21:44:30]        - 
[21:44:30]        \ 
[21:44:30]        | 
[21:44:30]        / 
[21:44:30]        - 
[21:44:30]        \ 
[21:44:30]        | 
[21:44:30]        / 
[21:44:30]        - 
[21:44:30]        \ 
[21:44:30]        | 
[21:44:30]        / 
[21:44:31]        - 
[21:44:31]        \ 
[21:44:31]        | 
[21:44:31]        / 
[21:44:31]        - 
[21:44:31]        \ 
[21:44:31]        | 
[21:44:31]        / 
[21:44:31]        - 
[21:44:31]        \ 
[21:44:31]        | 
[21:44:31]        / 
[21:44:31]        - 
[21:44:31]        \ 
[21:44:31]        | 
[21:44:31]        / 
[21:44:31]        - 
[21:44:31]        \ 
[21:44:31]        | 
[21:44:31]        / 
[21:44:31]        - 
[21:44:31]        \ 
[21:44:31]        | 
[21:44:31]        / 
[21:44:31]        - 
[21:44:31]        \ 
[21:44:31]        | 
[21:44:31]        / 
[21:44:31]        - 
[21:44:31]        \ 
[21:44:31]        | 
[21:44:31]        / 
[21:44:31]        - 
[21:44:31]        \ 
[21:44:31]        | 
[21:44:31]        / 
[21:44:31]        - 
[21:44:31]        \ 
[21:44:31]        | 
[21:44:31]        / 
[21:44:31]        - 
[21:44:31]        \ 
[21:44:31]        | 
[21:44:31]        / 
[21:44:31]        - 
[21:44:31]        \ 
[21:44:31]        | 
[21:44:31]        / 
[21:44:31]        - 
[21:44:31]        \ 
[21:44:31]        | 
[21:44:31]        / 
[21:44:31]        - 
[21:44:31]        \ 
[21:44:31]        | 
[21:44:31]        / 
[21:44:31]        - 
[21:44:31]        \ 
[21:44:31]        | 
[21:44:31]        / 
[21:44:31]        - 
[21:44:31]        \ 
[21:44:31]        | 
[21:44:31]        / 
[21:44:31]        - 
[21:44:31]        \ 
[21:44:31]        | 
[21:44:31]        / 
[21:44:31]        - 
[21:44:31]        \ 
[21:44:31]        | 
[21:44:31]        / 
[21:44:31]        - 
[21:44:31]        \ 
[21:44:31]        | 
[21:44:31]        / 
[21:44:31]        - 
[21:44:31]        \ 
[21:44:31]        | 
[21:44:31]        / 
[21:44:31]        - 
[21:44:31]        \ 
[21:44:31]        | 
[21:44:31]        / 
[21:44:31]        - 
[21:44:31]        \ 
[21:44:31]        | 
[21:44:31]        / 
[21:44:31]        - 
[21:44:31]        \ 
[21:44:31]        | 
[21:44:31]        / 
[21:44:31]        - 
[21:44:31]        \ 
[21:44:31]        | 
[21:44:31]        / 
[21:44:32]        - 
[21:44:32]        \ 
[21:44:32]        | 
[21:44:32]        / 
[21:44:32]        - 
[21:44:32]        \ 
[21:44:32]        | 
[21:44:32]        / 
[21:44:32]        - 
[21:44:32]        \ 
[21:44:32]        | 
[21:44:32]        / 
[21:44:32]        - 
[21:44:32]        \ 
[21:44:32]        | 
[21:44:32]        / 
[21:44:32]        - 
[21:44:32]        \ 
[21:44:32]        | 
[21:44:32]        / 
[21:44:32]        - 
[21:44:32]        \ 
[21:44:32]        | 
[21:44:32]        / 
[21:44:32]        - 
[21:44:32]        \ 
[21:44:32]        | 
[21:44:32]        / 
[21:44:32]        - 
[21:44:32]        \ 
[21:44:32]        | 
[21:44:32]        / 
[21:44:32]        - 
[21:44:32]        \ 
[21:44:32]        | 
[21:44:32]        / 
[21:44:32]        - 
[21:44:32]        \ 
[21:44:32]        | 
[21:44:32]        / 
[21:44:32]        - 
[21:44:32]        \ 
[21:44:32]        | 
[21:44:32]        / 
[21:44:32]        - 
[21:44:32]        \ 
[21:44:32]        | 
[21:44:32]        / 
[21:44:32]        - 
[21:44:32]        \ 
[21:44:32]        | 
[21:44:32]        / 
[21:44:32]        - 
[21:44:32]        \ 
[21:44:32]        | 
[21:44:32]        / 
[21:44:32]        - 
[21:44:32]        \ 
[21:44:32]        | 
[21:44:32]        / 
[21:44:32]        - 
[21:44:32]        \ 
[21:44:32]        | 
[21:44:32]        / 
[21:44:32]        - 
[21:44:32]        \ 
[21:44:32]        | 
[21:44:32]        / 
[21:44:32]        - 
[21:44:32]        \ 
[21:44:32]        | 
[21:44:32]        / 
[21:44:32]        - 
[21:44:32]        \ 
[21:44:32]        | 
[21:44:32]        / 
[21:44:32]        - 
[21:44:32]        \ 
[21:44:32]        | 
[21:44:32]        / 
[21:44:32]        - 
[21:44:32]        \ 
[21:44:32]        | 
[21:44:32]        / 
[21:44:32]        - 
[21:44:32]        \ 
[21:44:32]        | 
[21:44:32]        / 
[21:44:32]        - 
[21:44:32]        \ 
[21:44:32]        | 
[21:44:32]        / 
[21:44:32]        - 
[21:44:32]        \ 
[21:44:32]        | 
[21:44:32]        / 
[21:44:32]        - 
[21:44:32]        \ 
[21:44:32]        | 
[21:44:32]        / 
[21:44:32]        - 
[21:44:32]        \ 
[21:44:32]        | 
[21:44:32]        / 
[21:44:32]        - 
[21:44:32]        \ 
[21:44:32]        | 
[21:44:32]        / 
[21:44:32]        - 
[21:44:32]        \ 
[21:44:32]        | 
[21:44:32]        / 
[21:44:32]        - 
[21:44:32]        \ 
[21:44:32]        | 
[21:44:32]        / 
[21:44:32]        - 
[21:44:32]        \ 
[21:44:32]        | 
[21:44:32]        / 
[21:44:32]        - 
[21:44:32]        \ 
[21:44:32]        | 
[21:44:32]        / 
[21:44:32]        - 
[21:44:32]        \ 
[21:44:32]        | 
[21:44:32]        / 
[21:44:32]        - 
[21:44:32]        \ 
[21:44:32]        | 
[21:44:32]        / 
[21:44:32]        - 
[21:44:32]        \ 
[21:44:32]        | 
[21:44:32]        / 
[21:44:32]        - 
[21:44:32]        \ 
[21:44:32]        | 
[21:44:32]        / 
[21:44:32]        - 
[21:44:32]        \ 
[21:44:32]        | 
[21:44:32]        / 
[21:44:32]        - 
[21:44:32]        \ 
[21:44:32]        | 
[21:44:32]        / 
[21:44:33]        - 
[21:44:33]        \ 
[21:44:33]        | 
[21:44:33]        / 
[21:44:33]        - 
[21:44:33]        \ 
[21:44:33]        | 
[21:44:33]        / 
[21:44:33]        - 
[21:44:33]        \ 
[21:44:33]        | 
[21:44:33]        / 
[21:44:33]        - 
[21:44:33]        \ 
[21:44:33]        | 
[21:44:33]        / 
[21:44:33]        - 
[21:44:33]        \ 
[21:44:33]        | 
[21:44:33]        / 
[21:44:33]        - 
[21:44:33]        \ 
[21:44:33]        | 
[21:44:33]        / 
[21:44:33]        - 
[21:44:33]        \ 
[21:44:33]        | 
[21:44:33]        / 
[21:44:33]        - 
[21:44:33]        \ 
[21:44:33]        | 
[21:44:33]        / 
[21:44:33]        - 
[21:44:33]        \ 
[21:44:33]        | 
[21:44:33]        / 
[21:44:33]        - 
[21:44:33]        \ 
[21:44:33]        | 
[21:44:33]        / 
[21:44:33]        - 
[21:44:33]        \ 
[21:44:33]        | 
[21:44:33]        / 
[21:44:33]        - 
[21:44:33]        \ 
[21:44:33]        | 
[21:44:33]        / 
[21:44:33]        - 
[21:44:33]        \ 
[21:44:33]        | 
[21:44:33]        / 
[21:44:33]        - 
[21:44:33]        \ 
[21:44:33]        | 
[21:44:33]        / 
[21:44:33]        - 
[21:44:33]        \ 
[21:44:33]        | 
[21:44:33]        / 
[21:44:33]        - 
[21:44:33]        \ 
[21:44:33]        | 
[21:44:33]        / 
[21:44:33]        - 
[21:44:33]        \ 
[21:44:33]        | 
[21:44:33]        / 
[21:44:33]        - 
[21:44:33]        \ 
[21:44:33]        | 
[21:44:33]        / 
[21:44:33]        - 
[21:44:33]        \ 
[21:44:33]        | 
[21:44:33]        / 
[21:44:33]        - 
[21:44:33]        \ 
[21:44:33]        | 
[21:44:33]        / 
[21:44:33]        - 
[21:44:33]        \ 
[21:44:33]        | 
[21:44:33]        / 
[21:44:33]        - 
[21:44:33]        \ 
[21:44:33]        | 
[21:44:33]        / 
[21:44:33]        - 
[21:44:33]        \ 
[21:44:33]        | 
[21:44:33]        / 
[21:44:33]        - 
[21:44:33]        \ 
[21:44:33]        | 
[21:44:33]        / 
[21:44:33]        - 
[21:44:33]        \ 
[21:44:33]        | 
[21:44:33]        / 
[21:44:33]        - 
[21:44:33]        \ 
[21:44:33]        | 
[21:44:33]        / 
[21:44:33]        - 
[21:44:33]        \ 
[21:44:33]        | 
[21:44:33]        / 
[21:44:33]        - 
[21:44:33]        \ 
[21:44:33]        | 
[21:44:33]        / 
[21:44:33]        - 
[21:44:33]        \ 
[21:44:33]        | 
[21:44:33]        / 
[21:44:33]        - 
[21:44:33]        \ 
[21:44:33]        | 
[21:44:33]        / 
[21:44:33]        - 
[21:44:33]        \ 
[21:44:33]        | 
[21:44:33]        / 
[21:44:33]        - 
[21:44:33]        \ 
[21:44:33]        | 
[21:44:33]        / 
[21:44:33]        - 
[21:44:33]        \ 
[21:44:33]        | 
[21:44:33]        / 
[21:44:33]        - 
[21:44:33]        \ 
[21:44:33]        | 
[21:44:33]        / 
[21:44:33]        - 
[21:44:33]        \ 
[21:44:33]        | 
[21:44:33]        / 
[21:44:33]        - 
[21:44:33]        \ 
[21:44:33]        | 
[21:44:33]        / 
[21:44:33]        - 
[21:44:33]        \ 
[21:44:33]        | 
[21:44:33]        / 
[21:44:33]        - 
[21:44:33]        \ 
[21:44:33]        | 
[21:44:33]        / 
[21:44:33]        - 
[21:44:33]        \ 
[21:44:33]        | 
[21:44:33]        / 
[21:44:33]        - 
[21:44:33]        \ 
[21:44:33]        | 
[21:44:33]        / 
[21:44:33]        - 
[21:44:34]        \ 
[21:44:34]        | 
[21:44:34]        / 
[21:44:34]        - 
[21:44:34]        \ 
[21:44:34]        | 
[21:44:34]        / 
[21:44:34]        - 
[21:44:34]        \ 
[21:44:34]        | 
[21:44:34]        / 
[21:44:34]        - 
[21:44:34]        \ 
[21:44:34]        | 
[21:44:34]        / 
[21:44:34]        - 
[21:44:34]        \ 
[21:44:34]        | 
[21:44:34]        / 
[21:44:34]        - 
[21:44:34]        \ 
[21:44:34]        | 
[21:44:34]        / 
[21:44:34]        - 
[21:44:34]        \ 
[21:44:34]        | 
[21:44:34]        / 
[21:44:34]        - 
[21:44:34]        \ 
[21:44:34]        | 
[21:44:34]        / 
[21:44:34]        - 
[21:44:34]        \ 
[21:44:34]        | 
[21:44:34]        / 
[21:44:34]        - 
[21:44:34]        \ 
[21:44:34]        | 
[21:44:34]        / 
[21:44:34]        - 
[21:44:34]        \ 
[21:44:34]        | 
[21:44:34]        / 
[21:44:34]        - 
[21:44:34]        \ 
[21:44:34]        | 
[21:44:34]        / 
[21:44:34]        - 
[21:44:34]        \ 
[21:44:34]        | 
[21:44:34]        / 
[21:44:34]        - 
[21:44:34]        \ 
[21:44:34]        | 
[21:44:34]        / 
[21:44:34]        - 
[21:44:34]        \ 
[21:44:34]        | 
[21:44:34]        / 
[21:44:34]        - 
[21:44:34]        \ 
[21:44:34]        | 
[21:44:34]        / 
[21:44:34]        - 
[21:44:34]        \ 
[21:44:34]        | 
[21:44:34]        / 
[21:44:34]        - 
[21:44:34]        \ 
[21:44:34]        | 
[21:44:34]        / 
[21:44:34]        - 
[21:44:34]        \ 
[21:44:34]        | 
[21:44:34]        / 
[21:44:34]        - 
[21:44:34]        \ 
[21:44:34]        | 
[21:44:34]        / 
[21:44:34]        - 
[21:44:34]        \ 
[21:44:34]        | 
[21:44:34]        / 
[21:44:34]        - 
[21:44:34]        \ 
[21:44:34]        | 
[21:44:34]        / 
[21:44:34]        - 
[21:44:34]        \ 
[21:44:34]        | 
[21:44:34]        / 
[21:44:34]        - 
[21:44:34]        \ 
[21:44:34]        | 
[21:44:34]        / 
[21:44:34]        - 
[21:44:34]        \ 
[21:44:34]        | 
[21:44:34]        / 
[21:44:34]        - 
[21:44:34]        \ 
[21:44:34]        | 
[21:44:34]        / 
[21:44:34]        - 
[21:44:34]        \ 
[21:44:34]        | 
[21:44:34]        / 
[21:44:34]        - 
[21:44:34]        \ 
[21:44:34]        | 
[21:44:34]        / 
[21:44:34]        - 
[21:44:34]        \ 
[21:44:34]        | 
[21:44:34]        / 
[21:44:34]        - 
[21:44:34]        \ 
[21:44:34]        | 
[21:44:34]        / 
[21:44:34]        - 
[21:44:34]        \ 
[21:44:34]        | 
[21:44:34]        / 
[21:44:34]        - 
[21:44:34]        \ 
[21:44:34]        | 
[21:44:34]        / 
[21:44:34]        - 
[21:44:34]        \ 
[21:44:34]        | 
[21:44:34]        / 
[21:44:34]        - 
[21:44:34]        \ 
[21:44:34]        | 
[21:44:34]        / 
[21:44:34]        - 
[21:44:34]        \ 
[21:44:34]        | 
[21:44:34]        / 
[21:44:34]        - 
[21:44:34]        \ 
[21:44:34]        | 
[21:44:34]        / 
[21:44:34]        - 
[21:44:34]        \ 
[21:44:34]        | 
[21:44:34]        / 
[21:44:34]        - 
[21:44:34]        \ 
[21:44:34]        | 
[21:44:35]        / 
[21:44:35]        - 
[21:44:35]        \ 
[21:44:35]        | 
[21:44:35]        / 
[21:44:35]        - 
[21:44:35]        \ 
[21:44:35]        | 
[21:44:35]        / 
[21:44:35]        - 
[21:44:35]        \ 
[21:44:35]        | 
[21:44:35]        / 
[21:44:35]        - 
[21:44:35]        \ 
[21:44:35]        | 
[21:44:35]        / 
[21:44:35]        - 
[21:44:35]        \ 
[21:44:35]        | 
[21:44:35]        / 
[21:44:35]        - 
[21:44:35]        \ 
[21:44:35]        | 
[21:44:35]        / 
[21:44:35]        - 
[21:44:35]        \ 
[21:44:35]        | 
[21:44:35]        / 
[21:44:35]        - 
[21:44:35]        \ 
[21:44:35]        | 
[21:44:35]        / 
[21:44:35]        - 
[21:44:35]        \ 
[21:44:35]        | 
[21:44:35]        / 
[21:44:35]        - 
[21:44:35]        \ 
[21:44:35]        | 
[21:44:35]        / 
[21:44:35]        - 
[21:44:35]        \ 
[21:44:35]        | 
[21:44:35]        / 
[21:44:35]        - 
[21:44:35]        \ 
[21:44:35]        | 
[21:44:35]        / 
[21:44:35]        - 
[21:44:35]        \ 
[21:44:35]        | 
[21:44:35]        / 
[21:44:35]        - 
[21:44:35]        \ 
[21:44:35]        | 
[21:44:35]        / 
[21:44:35]        - 
[21:44:35]        \ 
[21:44:35]        | 
[21:44:35]        / 
[21:44:35]        - 
[21:44:35]        \ 
[21:44:35]        | 
[21:44:35]        / 
[21:44:35]        - 
[21:44:35]        \ 
[21:44:35]        | 
[21:44:35]        / 
[21:44:35]        - 
[21:44:35]        \ 
[21:44:35]        | 
[21:44:35]        / 
[21:44:35]        - 
[21:44:35]        \ 
[21:44:35]        | 
[21:44:35]        / 
[21:44:35]        - 
[21:44:35]        \ 
[21:44:35]        | 
[21:44:35]        / 
[21:44:35]        - 
[21:44:35]        \ 
[21:44:35]        | 
[21:44:35]        / 
[21:44:35]        - 
[21:44:35]        \ 
[21:44:35]        | 
[21:44:35]        / 
[21:44:35]        - 
[21:44:35]        \ 
[21:44:35]        | 
[21:44:35]        / 
[21:44:35]        - 
[21:44:35]        \ 
[21:44:35]        | 
[21:44:35]                                                                                                                             
[21:44:35]     Successfully installed
[21:44:36]   gh: gh version 2.92.0 (2026-04-28)
[21:44:36] 
[21:44:36] STEP 3: GitHub authentication...
[21:44:36]   Not authenticated. Starting GitHub device flow...
[21:44:36]   A browser window will open. If prompted, click Authorize.
[21:44:36] 
