=== RustRelay Portable Deploy ===
[21:43:57] STEP 1: Git setup...
[21:43:58]   No new changes.
[21:43:58]   Git repo ready.
[21:43:58] 
[21:43:58] STEP 2: Setting up GitHub CLI (portable)...
[21:43:59]   Downloading gh CLI portable (no admin required)...
[21:44:01]   Latest gh version: v2.92.0
[21:44:01]   Download URL: https://github.com/cli/cli/releases/download/v2.92.0/gh_2.92.0_windows_amd64.zip
[21:44:01]   Downloading to C:\Users\Ayush\AppData\Local\Temp\gh_portable.zip ...
[21:45:08]   Download complete.
[21:45:08]   Extracting...
[21:45:11]   gh CLI ready at: C:\Users\Ayush\.gh-portable\bin\gh.exe
[21:45:11]   Version: gh version 2.92.0 (2026-04-28)
[21:45:11] 
[21:45:11] STEP 3: GitHub authentication...
[21:45:11]   Checking existing auth...
[21:45:12]   Not authenticated.
[21:45:12]   Starting GitHub device flow - browser will open automatically.
[21:45:12]   If prompted, click Authorize GitHub CLI.
[21:45:12] 
